Using pre-set license
Built from 'trunk' branch; Version is '2023.3.0a5 (184a44300b92) revision 1591876'; Using compiler version '193431935'; Build Type 'Release'
OS: 'Windows 11  (10.0.22621) 64bit Professional' Language: 'pt' Physical Memory: 32634 MB
BatchMode: 1, IsHumanControllingUs: 0, StartBugReporterOnCrash: 0, Is64bit: 1, IsPro: 1

COMMAND LINE ARGUMENTS:
B:\Program Files\Unity\Hub\Editor\2023.3.0a5\Editor\Unity.exe
-adb2
-batchMode
-noUpm
-name
AssetImportWorker7
-projectPath
B:/Felipe Gomes/Documents/Unity Projects/OpenYandere
-logFile
Logs/AssetImportWorker7.log
-srvPort
54693
-job-worker-count
9
-background-job-worker-count
8
-asset-garbage-collectors
1
Successfully changed project path to: B:/Felipe Gomes/Documents/Unity Projects/OpenYandere
B:/Felipe Gomes/Documents/Unity Projects/OpenYandere
[UnityMemory] Configuration Parameters - Can be set up in boot.config
    "memorysetup-bucket-allocator-granularity=16"
    "memorysetup-bucket-allocator-bucket-count=8"
    "memorysetup-bucket-allocator-block-size=33554432"
    "memorysetup-bucket-allocator-block-count=8"
    "memorysetup-main-allocator-block-size=16777216"
    "memorysetup-thread-allocator-block-size=16777216"
    "memorysetup-gfx-main-allocator-block-size=16777216"
    "memorysetup-gfx-thread-allocator-block-size=16777216"
    "memorysetup-cache-allocator-block-size=4194304"
    "memorysetup-typetree-allocator-block-size=2097152"
    "memorysetup-profiler-bucket-allocator-granularity=16"
    "memorysetup-profiler-bucket-allocator-bucket-count=8"
    "memorysetup-profiler-bucket-allocator-block-size=33554432"
    "memorysetup-profiler-bucket-allocator-block-count=8"
    "memorysetup-profiler-allocator-block-size=16777216"
    "memorysetup-profiler-editor-allocator-block-size=1048576"
    "memorysetup-temp-allocator-size-main=16777216"
    "memorysetup-job-temp-allocator-block-size=2097152"
    "memorysetup-job-temp-allocator-block-size-background=1048576"
    "memorysetup-job-temp-allocator-reduction-small-platforms=262144"
    "memorysetup-allocator-temp-initial-block-size-main=262144"
    "memorysetup-allocator-temp-initial-block-size-worker=262144"
    "memorysetup-temp-allocator-size-background-worker=32768"
    "memorysetup-temp-allocator-size-job-worker=262144"
    "memorysetup-temp-allocator-size-preload-manager=33554432"
    "memorysetup-temp-allocator-size-nav-mesh-worker=65536"
    "memorysetup-temp-allocator-size-audio-worker=65536"
    "memorysetup-temp-allocator-size-cloud-worker=32768"
    "memorysetup-temp-allocator-size-gi-baking-worker=262144"
    "memorysetup-temp-allocator-size-gi-baking-worker=262144"
    "memorysetup-temp-allocator-size-gi-baking-worker=262144"
    "memorysetup-temp-allocator-size-gi-baking-worker=262144"
    "memorysetup-temp-allocator-size-gi-baking-worker=262144"
    "memorysetup-temp-allocator-size-gfx=262144"
Player connection [20056] Host "[IP] 192.168.15.20 [Port] 0 [Flags] 2 [Guid] 964487832 [EditorId] 964487832 [Version] 1048832 [Id] WindowsEditor(7,Rotwang) [Debug] 1 [PackageName] WindowsEditor [ProjectName] Editor" joined multi-casting on [225.0.0.222:54997]...
Player connection [20056] Host "[IP] 192.168.15.20 [Port] 0 [Flags] 2 [Guid] 964487832 [EditorId] 964487832 [Version] 1048832 [Id] WindowsEditor(7,Rotwang) [Debug] 1 [PackageName] WindowsEditor [ProjectName] Editor" joined alternative multi-casting on [225.0.0.222:34997]...
JobSystem: Creating JobQueue using job-worker-count value 9
[Physics::Module] Initialized MultithreadedJobDispatcher with 9 workers.
Library Redirect Path: Library/
Refreshing native plugins compatible for Editor in 5.31 ms, found 2 plugins.
Preloading 0 native plugins for Editor in 0.00 ms.
Initialize engine version: 2023.3.0a5 (184a44300b92)
[Subsystems] Discovering subsystems at path B:/Program Files/Unity/Hub/Editor/2023.3.0a5/Editor/Data/Resources/UnitySubsystems
[Subsystems] Discovering subsystems at path B:/Felipe Gomes/Documents/Unity Projects/OpenYandere/Assets
GfxDevice: creating device client; kGfxThreadingModeNonThreaded
Direct3D:
    Version:  Direct3D 11.0 [level 11.1]
    Renderer: NVIDIA GeForce RTX 3060 (ID=0x2487)
    Vendor:   NVIDIA
    VRAM:     12124 MB
    Driver:   31.0.15.3758
Initialize mono
Mono path[0] = 'B:/Program Files/Unity/Hub/Editor/2023.3.0a5/Editor/Data/Managed'
Mono path[1] = 'B:/Program Files/Unity/Hub/Editor/2023.3.0a5/Editor/Data/MonoBleedingEdge/lib/mono/unityjit-win32'
Mono config path = 'B:/Program Files/Unity/Hub/Editor/2023.3.0a5/Editor/Data/MonoBleedingEdge/etc'
Using monoOptions --debugger-agent=transport=dt_socket,embedding=1,server=y,suspend=n,address=127.0.0.1:56544
Begin MonoManager ReloadAssembly
C:\build\output\Unity-Technologies\mono\mono\metadata\icall.c:1842:
C:\build\output\Unity-Technologies\mono\mono\metadata\icall.c:1842:
C:\build\output\Unity-Technologies\mono\mono\metadata\icall.c:1842:
C:\build\output\Unity-Technologies\mono\mono\metadata\icall.c:1842:
C:\build\output\Unity-Technologies\mono\mono\metadata\icall.c:1842:
C:\build\output\Unity-Technologies\mono\mono\metadata\icall.c:1842:
C:\build\output\Unity-Technologies\mono\mono\metadata\icall.c:1842:
C:\build\output\Unity-Technologies\mono\mono\metadata\icall.c:1842:
C:\build\output\Unity-Technologies\mono\mono\metadata\icall.c:1842:
C:\build\output\Unity-Technologies\mono\mono\metadata\icall.c:1842:
Registering precompiled unity dll's ...
Register platform support module: B:/Program Files/Unity/Hub/Editor/2023.3.0a5/Editor/Data/PlaybackEngines/WindowsStandaloneSupport/UnityEditor.WindowsStandalone.Extensions.dll
Registered in 0.001753 seconds.
- Loaded All Assemblies, in  0.403 seconds
Native extension for WindowsStandalone target not found
Mono: successfully reloaded assembly
C:\build\output\Unity-Technologies\mono\mono\metadata\icall.c:1842:
C:\build\output\Unity-Technologies\mono\mono\metadata\icall.c:1842:
- Finished resetting the current domain, in  0.273 seconds
Domain Reload Profiling: 676ms
	BeginReloadAssembly (160ms)
		ExecutionOrderSort (0ms)
		DisableScriptedObjects (0ms)
		BackupInstance (0ms)
		ReleaseScriptingObjects (0ms)
		CreateAndSetChildDomain (1ms)
	RebuildCommonClasses (34ms)
	RebuildNativeTypeToScriptingClass (12ms)
	initialDomainReloadingComplete (41ms)
	LoadAllAssembliesAndSetupDomain (157ms)
		LoadAssemblies (159ms)
		RebuildTransferFunctionScriptingTraits (0ms)
		AnalyzeDomain (154ms)
			TypeCache.Refresh (152ms)
				TypeCache.ScanAssembly (138ms)
			BuildScriptInfoCaches (0ms)
			ResolveRequiredComponents (1ms)
	FinalizeReload (273ms)
		ReleaseScriptCaches (0ms)
		RebuildScriptCaches (0ms)
		SetupLoadedEditorAssemblies (219ms)
			LogAssemblyErrors (0ms)
			InitializePlatformSupportModulesInManaged (8ms)
			SetLoadedEditorAssemblies (5ms)
			BeforeProcessingInitializeOnLoad (6ms)
			ProcessInitializeOnLoadAttributes (157ms)
			ProcessInitializeOnLoadMethodAttributes (43ms)
			AfterProcessingInitializeOnLoad (0ms)
			EditorAssembliesLoaded (0ms)
		ExecutionOrderSort2 (0ms)
		AwakeInstancesAfterBackupRestoration (0ms)
========================================================================
Worker process is ready to serve import requests
Import Worker Mode flag is 0x00
Begin MonoManager ReloadAssembly
C:\build\output\Unity-Technologies\mono\mono\metadata\icall.c:1842:
C:\build\output\Unity-Technologies\mono\mono\metadata\icall.c:1842:
C:\build\output\Unity-Technologies\mono\mono\metadata\icall.c:1842:
C:\build\output\Unity-Technologies\mono\mono\metadata\icall.c:1842:
C:\build\output\Unity-Technologies\mono\mono\metadata\icall.c:1842:
C:\build\output\Unity-Technologies\mono\mono\metadata\icall.c:1842:
C:\build\output\Unity-Technologies\mono\mono\metadata\icall.c:1842:
C:\build\output\Unity-Technologies\mono\mono\metadata\icall.c:1842:
C:\build\output\Unity-Technologies\mono\mono\metadata\icall.c:1842:
C:\build\output\Unity-Technologies\mono\mono\metadata\icall.c:1842:
C:\build\output\Unity-Technologies\mono\mono\metadata\icall.c:1842:
C:\build\output\Unity-Technologies\mono\mono\metadata\icall.c:1842:
Symbol file LoadedFromMemory is not a mono symbol file
- Loaded All Assemblies, in  0.928 seconds
Refreshing native plugins compatible for Editor in 3.65 ms, found 2 plugins.
URP-HighFidelity-Renderer is missing RendererFeatures
This could be due to missing scripts or compile error.
UnityEngine.Debug:ExtractStackTraceNoAlloc (byte*,int,string)
UnityEngine.StackTraceUtility:ExtractStackTrace ()
UnityEngine.DebugLogHandler:Internal_Log (UnityEngine.LogType,UnityEngine.LogOption,string,UnityEngine.Object)
UnityEngine.DebugLogHandler:LogFormat (UnityEngine.LogType,UnityEngine.Object,string,object[])
UnityEngine.Logger:Log (UnityEngine.LogType,object,UnityEngine.Object)
UnityEngine.Debug:LogError (object,UnityEngine.Object)
UnityEngine.Rendering.Universal.ScriptableRendererData:ValidateRendererFeatures () (at ./Library/PackageCache/com.unity.render-pipelines.universal@17.0.0/Runtime/ScriptableRendererData.cs:257)
UnityEngine.Rendering.Universal.ScriptableRendererData:OnValidate () (at ./Library/PackageCache/com.unity.render-pipelines.universal@17.0.0/Runtime/ScriptableRendererData.cs:145)

(Filename: ./Library/PackageCache/com.unity.render-pipelines.universal@17.0.0/Runtime/ScriptableRendererData.cs Line: 257)

Native extension for WindowsStandalone target not found
[MODES] ModeService[none].Initialize
[MODES] ModeService[none].LoadModes
[MODES] Loading mode Default (0) for mode-current-id-OpenYandere
Mono: successfully reloaded assembly
- Finished resetting the current domain, in  0.980 seconds
Domain Reload Profiling: 1908ms
	BeginReloadAssembly (357ms)
		ExecutionOrderSort (0ms)
		DisableScriptedObjects (3ms)
		BackupInstance (0ms)
		ReleaseScriptingObjects (0ms)
		CreateAndSetChildDomain (32ms)
	RebuildCommonClasses (35ms)
	RebuildNativeTypeToScriptingClass (12ms)
	initialDomainReloadingComplete (33ms)
	LoadAllAssembliesAndSetupDomain (491ms)
		LoadAssemblies (425ms)
		RebuildTransferFunctionScriptingTraits (0ms)
		AnalyzeDomain (199ms)
			TypeCache.Refresh (154ms)
				TypeCache.ScanAssembly (135ms)
			BuildScriptInfoCaches (33ms)
			ResolveRequiredComponents (9ms)
	FinalizeReload (981ms)
		ReleaseScriptCaches (0ms)
		RebuildScriptCaches (0ms)
		SetupLoadedEditorAssemblies (724ms)
			LogAssemblyErrors (0ms)
			InitializePlatformSupportModulesInManaged (2ms)
			SetLoadedEditorAssemblies (5ms)
			BeforeProcessingInitializeOnLoad (108ms)
			ProcessInitializeOnLoadAttributes (391ms)
			ProcessInitializeOnLoadMethodAttributes (217ms)
			AfterProcessingInitializeOnLoad (2ms)
			EditorAssembliesLoaded (0ms)
		ExecutionOrderSort2 (0ms)
		AwakeInstancesAfterBackupRestoration (4ms)
Launched and connected shader compiler UnityShaderCompiler.exe after 0.01 seconds
Refreshing native plugins compatible for Editor in 5.15 ms, found 2 plugins.
Preloading 0 native plugins for Editor in 0.00 ms.
Unloading 192 Unused Serialized files (Serialized files now loaded: 0)
Unloading 4882 unused Assets / (5.2 MB). Loaded Objects now: 5565.
Memory consumption went from 176.8 MB to 171.6 MB.
Total: 15.301800 ms (FindLiveObjects: 0.960000 ms CreateObjectMapping: 1.239900 ms MarkObjects: 9.570700 ms  DeleteObjects: 3.529800 ms)

========================================================================
Received Import Request.
  Time since last request: 58310.993824 seconds.
  path: Assets/OpenYandere/Models/Characters/Aoi/Materials/f02_blazer_120_l_s.mat
  artifactKey: Guid(3022f3e3e9de60c4991c27411ca32458) Importer(815301076,1909f56bfc062723c751e8b465ee728b)
Start importing Assets/OpenYandere/Models/Characters/Aoi/Materials/f02_blazer_120_l_s.mat using Guid(3022f3e3e9de60c4991c27411ca32458) Importer(815301076,1909f56bfc062723c751e8b465ee728b) (PreviewImporter) -> (artifact id: '1087de3eb81f5ad993cf5eff70e2347c') in 0.3574995 seconds
Number of updated asset objects reloaded before import = 0Number of asset objects unloaded after import = 14

========================================================================
Received Import Request.
  Time since last request: 3.473135 seconds.
  path: Assets/OpenYandere/Models/Characters/Aoi/Materials/f02_blazer_300_m_s.mat
  artifactKey: Guid(199695e4778bf7643b7d12c0e6df34b6) Importer(815301076,1909f56bfc062723c751e8b465ee728b)
Start importing Assets/OpenYandere/Models/Characters/Aoi/Materials/f02_blazer_300_m_s.mat using Guid(199695e4778bf7643b7d12c0e6df34b6) Importer(815301076,1909f56bfc062723c751e8b465ee728b) (PreviewImporter) -> (artifact id: '0801d2c9b6a7aca699d61b92b5df880f') in 0.011588 seconds
Number of updated asset objects reloaded before import = 0Number of asset objects unloaded after import = 2

========================================================================
Received Import Request.
  Time since last request: 0.000032 seconds.
  path: Assets/OpenYandere/Models/Characters/Aoi/Materials/f02_blazer_310_m_c.mat
  artifactKey: Guid(f627cfc368b6e6942a18956f2992b96f) Importer(815301076,1909f56bfc062723c751e8b465ee728b)
Start importing Assets/OpenYandere/Models/Characters/Aoi/Materials/f02_blazer_310_m_c.mat using Guid(f627cfc368b6e6942a18956f2992b96f) Importer(815301076,1909f56bfc062723c751e8b465ee728b) (PreviewImporter) -> (artifact id: '2fa705a4048a5ea1c77e1d771cdddd15') in 0.0103319 seconds
Number of updated asset objects reloaded before import = 0Number of asset objects unloaded after import = 2

========================================================================
Received Import Request.
  Time since last request: 0.177769 seconds.
  path: Assets/OpenYandere/Models/Characters/Aoi/Materials/f02_casualwear_00_h_c.mat
  artifactKey: Guid(66a10ead9f63c1f4d9cad65013cf2350) Importer(815301076,1909f56bfc062723c751e8b465ee728b)
Start importing Assets/OpenYandere/Models/Characters/Aoi/Materials/f02_casualwear_00_h_c.mat using Guid(66a10ead9f63c1f4d9cad65013cf2350) Importer(815301076,1909f56bfc062723c751e8b465ee728b) (PreviewImporter) -> (artifact id: '0bcc9c041cb4fe6eeed535fd28042e81') in 0.0087045 seconds
Number of updated asset objects reloaded before import = 0Number of asset objects unloaded after import = 2

========================================================================
Received Import Request.
  Time since last request: 0.000023 seconds.
  path: Assets/OpenYandere/Models/Characters/Aoi/Materials/f02_casualwear_00_l_c.mat
  artifactKey: Guid(8d332d053b1f54649bf3d283df1d76d7) Importer(815301076,1909f56bfc062723c751e8b465ee728b)
Start importing Assets/OpenYandere/Models/Characters/Aoi/Materials/f02_casualwear_00_l_c.mat using Guid(8d332d053b1f54649bf3d283df1d76d7) Importer(815301076,1909f56bfc062723c751e8b465ee728b) (PreviewImporter) -> (artifact id: 'e1cd9b986b29be5f3d62a02509bdadfd') in 0.0103216 seconds
Number of updated asset objects reloaded before import = 0Number of asset objects unloaded after import = 2

========================================================================
Received Import Request.
  Time since last request: 0.000036 seconds.
  path: Assets/OpenYandere/Models/Characters/Aoi/Materials/f02_gymclothes_00_h_s.mat
  artifactKey: Guid(16a7235d8dc3fe245b45ad2b55f55082) Importer(815301076,1909f56bfc062723c751e8b465ee728b)
Start importing Assets/OpenYandere/Models/Characters/Aoi/Materials/f02_gymclothes_00_h_s.mat using Guid(16a7235d8dc3fe245b45ad2b55f55082) Importer(815301076,1909f56bfc062723c751e8b465ee728b) (PreviewImporter) -> (artifact id: 'fb0861691199aa2f8fbcb26da6667afc') in 0.0095202 seconds
Number of updated asset objects reloaded before import = 0Number of asset objects unloaded after import = 2

========================================================================
Received Import Request.
  Time since last request: 0.000031 seconds.
  path: Assets/OpenYandere/Models/Characters/Aoi/Materials/f02_leotard_00_m_s.mat
  artifactKey: Guid(0be48e7ccf6445b469e15e48a0c3bdf9) Importer(815301076,1909f56bfc062723c751e8b465ee728b)
Start importing Assets/OpenYandere/Models/Characters/Aoi/Materials/f02_leotard_00_m_s.mat using Guid(0be48e7ccf6445b469e15e48a0c3bdf9) Importer(815301076,1909f56bfc062723c751e8b465ee728b) (PreviewImporter) -> (artifact id: 'a4bcc1beb716e361c44aa57eac7d3ec9') in 0.0111656 seconds
Number of updated asset objects reloaded before import = 0Number of asset objects unloaded after import = 2

========================================================================
Received Import Request.
  Time since last request: 0.000034 seconds.
  path: Assets/OpenYandere/Models/Characters/Aoi/Materials/f02_hair_00_l.mat
  artifactKey: Guid(1e563de23865f2b4e96b9d48a5f4264c) Importer(815301076,1909f56bfc062723c751e8b465ee728b)
Start importing Assets/OpenYandere/Models/Characters/Aoi/Materials/f02_hair_00_l.mat using Guid(1e563de23865f2b4e96b9d48a5f4264c) Importer(815301076,1909f56bfc062723c751e8b465ee728b) (PreviewImporter) -> (artifact id: '1b12d7a290373f9f7bf996f83d2e7b4b') in 0.0204716 seconds
Number of updated asset objects reloaded before import = 0Number of asset objects unloaded after import = 2

========================================================================
Received Import Request.
  Time since last request: 0.000026 seconds.
  path: Assets/OpenYandere/Models/Characters/Aoi/Materials/f02_pajamas_00_h_c.mat
  artifactKey: Guid(bacbe6f5a86aabc40ba9d4e0b43b56f0) Importer(815301076,1909f56bfc062723c751e8b465ee728b)
Start importing Assets/OpenYandere/Models/Characters/Aoi/Materials/f02_pajamas_00_h_c.mat using Guid(bacbe6f5a86aabc40ba9d4e0b43b56f0) Importer(815301076,1909f56bfc062723c751e8b465ee728b) (PreviewImporter) -> (artifact id: 'dd76623601430cbe29d6b67ce3b0de8f') in 0.0260503 seconds
Number of updated asset objects reloaded before import = 0Number of asset objects unloaded after import = 2

========================================================================
Received Import Request.
  Time since last request: 0.000022 seconds.
  path: Assets/OpenYandere/Models/Characters/Aoi/Materials/f02_leotard_00_l_s.mat
  artifactKey: Guid(1532e2867b21ee7429b56797d49e37ee) Importer(815301076,1909f56bfc062723c751e8b465ee728b)
Start importing Assets/OpenYandere/Models/Characters/Aoi/Materials/f02_leotard_00_l_s.mat using Guid(1532e2867b21ee7429b56797d49e37ee) Importer(815301076,1909f56bfc062723c751e8b465ee728b) (PreviewImporter) -> (artifact id: '5c45f092b042041b7f0d3a9af31c2a13') in 0.0075151 seconds
Number of updated asset objects reloaded before import = 0Number of asset objects unloaded after import = 2

========================================================================
Received Import Request.
  Time since last request: 0.000038 seconds.
  path: Assets/OpenYandere/Models/Characters/Aoi/Materials/f02_hair_00_m.mat
  artifactKey: Guid(a84867b98081c264ab668e5be00bf75f) Importer(815301076,1909f56bfc062723c751e8b465ee728b)
Start importing Assets/OpenYandere/Models/Characters/Aoi/Materials/f02_hair_00_m.mat using Guid(a84867b98081c264ab668e5be00bf75f) Importer(815301076,1909f56bfc062723c751e8b465ee728b) (PreviewImporter) -> (artifact id: 'f40ab23d18e9dd548451805e831f3af8') in 0.0153646 seconds
Number of updated asset objects reloaded before import = 0Number of asset objects unloaded after import = 2

========================================================================
Received Import Request.
  Time since last request: 0.000035 seconds.
  path: Assets/OpenYandere/Models/Characters/Aoi/Materials/f02_pajamas_00_l_s.mat
  artifactKey: Guid(474c2a8204636164f978ddb2db994dd2) Importer(815301076,1909f56bfc062723c751e8b465ee728b)
Start importing Assets/OpenYandere/Models/Characters/Aoi/Materials/f02_pajamas_00_l_s.mat using Guid(474c2a8204636164f978ddb2db994dd2) Importer(815301076,1909f56bfc062723c751e8b465ee728b) (PreviewImporter) -> (artifact id: '2dddfbb1167d138b13160924be00f9ab') in 0.0092703 seconds
Number of updated asset objects reloaded before import = 0Number of asset objects unloaded after import = 2

========================================================================
Received Import Request.
  Time since last request: 0.000033 seconds.
  path: Assets/OpenYandere/Models/Characters/Aoi/Materials/f02_casualwear_00_l_s.mat
  artifactKey: Guid(53dc7a30213e6574da34c1ac8dc0c4bf) Importer(815301076,1909f56bfc062723c751e8b465ee728b)
Start importing Assets/OpenYandere/Models/Characters/Aoi/Materials/f02_casualwear_00_l_s.mat using Guid(53dc7a30213e6574da34c1ac8dc0c4bf) Importer(815301076,1909f56bfc062723c751e8b465ee728b) (PreviewImporter) -> (artifact id: 'c493d42ed985d6762c2535a9ea630242') in 0.0078645 seconds
Number of updated asset objects reloaded before import = 0Number of asset objects unloaded after import = 2

========================================================================
Received Import Request.
  Time since last request: 0.077260 seconds.
  path: Assets/OpenYandere/Models/Characters/Aoi/Materials/f02_schoolwear_010_h_s.mat
  artifactKey: Guid(338230652f0017b42923cd25cdab9b93) Importer(815301076,1909f56bfc062723c751e8b465ee728b)
Start importing Assets/OpenYandere/Models/Characters/Aoi/Materials/f02_schoolwear_010_h_s.mat using Guid(338230652f0017b42923cd25cdab9b93) Importer(815301076,1909f56bfc062723c751e8b465ee728b) (PreviewImporter) -> (artifact id: 'fcd6de1db02038c5b3761461e2c5bf3d') in 0.0073922 seconds
Number of updated asset objects reloaded before import = 0Number of asset objects unloaded after import = 2

========================================================================
Received Import Request.
  Time since last request: 0.000034 seconds.
  path: Assets/OpenYandere/Models/Characters/Aoi/Materials/f02_schoolwear_010_l_s.mat
  artifactKey: Guid(521ce8eb0ea16624fb797fad26a6cf4b) Importer(815301076,1909f56bfc062723c751e8b465ee728b)
Start importing Assets/OpenYandere/Models/Characters/Aoi/Materials/f02_schoolwear_010_l_s.mat using Guid(521ce8eb0ea16624fb797fad26a6cf4b) Importer(815301076,1909f56bfc062723c751e8b465ee728b) (PreviewImporter) -> (artifact id: '77b74188c4bc03d325b8d4025b1fadb2') in 0.0079881 seconds
Number of updated asset objects reloaded before import = 0Number of asset objects unloaded after import = 2

========================================================================
Received Import Request.
  Time since last request: 0.000025 seconds.
  path: Assets/OpenYandere/Models/Characters/Aoi/Materials/f02_schoolwear_100_l_s.mat
  artifactKey: Guid(30480a089c03fe744922a7433d3a2249) Importer(815301076,1909f56bfc062723c751e8b465ee728b)
Start importing Assets/OpenYandere/Models/Characters/Aoi/Materials/f02_schoolwear_100_l_s.mat using Guid(30480a089c03fe744922a7433d3a2249) Importer(815301076,1909f56bfc062723c751e8b465ee728b) (PreviewImporter) -> (artifact id: '9a451024597e818e04d7c12359b7e6b5') in 0.0073318 seconds
Number of updated asset objects reloaded before import = 0Number of asset objects unloaded after import = 2

========================================================================
Received Import Request.
  Time since last request: 0.000032 seconds.
  path: Assets/OpenYandere/Models/Characters/Aoi/Materials/f02_schoolwear_020_m_s.mat
  artifactKey: Guid(4fffbab3086e0d14fb09bfe83a4d9888) Importer(815301076,1909f56bfc062723c751e8b465ee728b)
Start importing Assets/OpenYandere/Models/Characters/Aoi/Materials/f02_schoolwear_020_m_s.mat using Guid(4fffbab3086e0d14fb09bfe83a4d9888) Importer(815301076,1909f56bfc062723c751e8b465ee728b) (PreviewImporter) -> (artifact id: '97513c724ea46503c89b7768838baf34') in 0.0076374 seconds
Number of updated asset objects reloaded before import = 0Number of asset objects unloaded after import = 2

========================================================================
Received Import Request.
  Time since last request: 0.000032 seconds.
  path: Assets/OpenYandere/Models/Characters/Aoi/Materials/f02_schoolwear_100_h_s.mat
  artifactKey: Guid(042b0999e4143d44db3eef02c1558dfc) Importer(815301076,1909f56bfc062723c751e8b465ee728b)
Start importing Assets/OpenYandere/Models/Characters/Aoi/Materials/f02_schoolwear_100_h_s.mat using Guid(042b0999e4143d44db3eef02c1558dfc) Importer(815301076,1909f56bfc062723c751e8b465ee728b) (PreviewImporter) -> (artifact id: '4df83acf48bbca286b1d7a814bb6fddf') in 0.0076056 seconds
Number of updated asset objects reloaded before import = 0Number of asset objects unloaded after import = 2

========================================================================
Received Import Request.
  Time since last request: 0.000043 seconds.
  path: Assets/OpenYandere/Models/Characters/Aoi/Materials/f02_schoolwear_120_h_s.mat
  artifactKey: Guid(642dafec7697ade42a12f5e8c2511112) Importer(815301076,1909f56bfc062723c751e8b465ee728b)
Start importing Assets/OpenYandere/Models/Characters/Aoi/Materials/f02_schoolwear_120_h_s.mat using Guid(642dafec7697ade42a12f5e8c2511112) Importer(815301076,1909f56bfc062723c751e8b465ee728b) (PreviewImporter) -> (artifact id: '194e26746e7127483f8b2bed8d5b5d90') in 0.0070421 seconds
Number of updated asset objects reloaded before import = 0Number of asset objects unloaded after import = 2

========================================================================
Received Import Request.
  Time since last request: 0.000021 seconds.
  path: Assets/OpenYandere/Models/Characters/Aoi/Materials/f02_schoolwear_200_m_s.mat
  artifactKey: Guid(1ba5df5023cf9a741b6367aff9838bac) Importer(815301076,1909f56bfc062723c751e8b465ee728b)
Start importing Assets/OpenYandere/Models/Characters/Aoi/Materials/f02_schoolwear_200_m_s.mat using Guid(1ba5df5023cf9a741b6367aff9838bac) Importer(815301076,1909f56bfc062723c751e8b465ee728b) (PreviewImporter) -> (artifact id: '6009373bd2df2889ffcd1a990a1e3e43') in 0.007194 seconds
Number of updated asset objects reloaded before import = 0Number of asset objects unloaded after import = 2

========================================================================
Received Import Request.
  Time since last request: 0.000037 seconds.
  path: Assets/OpenYandere/Models/Characters/Aoi/Materials/f02_schoolwear_200_h_s.mat
  artifactKey: Guid(e6c46e0867183bc4c9c3a2614a2f68ca) Importer(815301076,1909f56bfc062723c751e8b465ee728b)
Start importing Assets/OpenYandere/Models/Characters/Aoi/Materials/f02_schoolwear_200_h_s.mat using Guid(e6c46e0867183bc4c9c3a2614a2f68ca) Importer(815301076,1909f56bfc062723c751e8b465ee728b) (PreviewImporter) -> (artifact id: '5210a56db3a42eab0ab688ed17966bf9') in 0.0064711 seconds
Number of updated asset objects reloaded before import = 0Number of asset objects unloaded after import = 2

========================================================================
Received Import Request.
  Time since last request: 0.141033 seconds.
  path: Assets/OpenYandere/Models/Characters/Aoi/Materials/f02_schoolwear_210_m_c.mat
  artifactKey: Guid(ce5f31736a909da4a923a38a57d8ac9a) Importer(815301076,1909f56bfc062723c751e8b465ee728b)
Start importing Assets/OpenYandere/Models/Characters/Aoi/Materials/f02_schoolwear_210_m_c.mat using Guid(ce5f31736a909da4a923a38a57d8ac9a) Importer(815301076,1909f56bfc062723c751e8b465ee728b) (PreviewImporter) -> (artifact id: '1a755ec656ddb91d1b4bced15ff20ff3') in 0.0069972 seconds
Number of updated asset objects reloaded before import = 0Number of asset objects unloaded after import = 2

========================================================================
Received Import Request.
  Time since last request: 0.000030 seconds.
  path: Assets/OpenYandere/Models/Characters/Aoi/Materials/f02_schoolwear_220_l_c.mat
  artifactKey: Guid(72c4ae9bed650bb49bf1c9c5592844a0) Importer(815301076,1909f56bfc062723c751e8b465ee728b)
Start importing Assets/OpenYandere/Models/Characters/Aoi/Materials/f02_schoolwear_220_l_c.mat using Guid(72c4ae9bed650bb49bf1c9c5592844a0) Importer(815301076,1909f56bfc062723c751e8b465ee728b) (PreviewImporter) -> (artifact id: '8924c9bb276baac62ab147ba99a1dd67') in 0.0081938 seconds
Number of updated asset objects reloaded before import = 0Number of asset objects unloaded after import = 2

========================================================================
Received Import Request.
  Time since last request: 0.000039 seconds.
  path: Assets/OpenYandere/Models/Characters/Aoi/Materials/f02_schoolwear_310_l_c.mat
  artifactKey: Guid(219cf4f68fa754642aa475619bedad93) Importer(815301076,1909f56bfc062723c751e8b465ee728b)
Start importing Assets/OpenYandere/Models/Characters/Aoi/Materials/f02_schoolwear_310_l_c.mat using Guid(219cf4f68fa754642aa475619bedad93) Importer(815301076,1909f56bfc062723c751e8b465ee728b) (PreviewImporter) -> (artifact id: '00b8069dee3abaad4f1fbea47668d364') in 0.0085014 seconds
Number of updated asset objects reloaded before import = 0Number of asset objects unloaded after import = 2

========================================================================
Received Import Request.
  Time since last request: 0.000039 seconds.
  path: Assets/OpenYandere/Models/Characters/Aoi/Materials/f02_schoolwear_300_h_s.mat
  artifactKey: Guid(c22ef3a40a0d8684097b6c18788fe108) Importer(815301076,1909f56bfc062723c751e8b465ee728b)
Start importing Assets/OpenYandere/Models/Characters/Aoi/Materials/f02_schoolwear_300_h_s.mat using Guid(c22ef3a40a0d8684097b6c18788fe108) Importer(815301076,1909f56bfc062723c751e8b465ee728b) (PreviewImporter) -> (artifact id: '10d6af5756433ecd783a9d37d782cc2c') in 0.0076275 seconds
Number of updated asset objects reloaded before import = 0Number of asset objects unloaded after import = 2

========================================================================
Received Import Request.
  Time since last request: 0.000027 seconds.
  path: Assets/OpenYandere/Models/Characters/Aoi/Materials/f02_schoolwear_220_m_s.mat
  artifactKey: Guid(7320edb9b5afc7747905d54a55ef5aff) Importer(815301076,1909f56bfc062723c751e8b465ee728b)
Start importing Assets/OpenYandere/Models/Characters/Aoi/Materials/f02_schoolwear_220_m_s.mat using Guid(7320edb9b5afc7747905d54a55ef5aff) Importer(815301076,1909f56bfc062723c751e8b465ee728b) (PreviewImporter) -> (artifact id: 'ce20904d8067ffb806f802af13f38d55') in 0.0066226 seconds
Number of updated asset objects reloaded before import = 0Number of asset objects unloaded after import = 2

========================================================================
Received Import Request.
  Time since last request: 0.000026 seconds.
  path: Assets/OpenYandere/Models/Characters/Aoi/Materials/f02_schoolwear_320_m_c.mat
  artifactKey: Guid(611293c1f77de38428ec79157fec6b8f) Importer(815301076,1909f56bfc062723c751e8b465ee728b)
Start importing Assets/OpenYandere/Models/Characters/Aoi/Materials/f02_schoolwear_320_m_c.mat using Guid(611293c1f77de38428ec79157fec6b8f) Importer(815301076,1909f56bfc062723c751e8b465ee728b) (PreviewImporter) -> (artifact id: '3996166d958823717b3add74b0743821') in 0.0062445 seconds
Number of updated asset objects reloaded before import = 0Number of asset objects unloaded after import = 2

========================================================================
Received Import Request.
  Time since last request: 0.000022 seconds.
  path: Assets/OpenYandere/Models/Characters/Aoi/Materials/f02_swimwear_00_m_c.mat
  artifactKey: Guid(a7570d01fef6da64fa0ec584b9daeaca) Importer(815301076,1909f56bfc062723c751e8b465ee728b)
Start importing Assets/OpenYandere/Models/Characters/Aoi/Materials/f02_swimwear_00_m_c.mat using Guid(a7570d01fef6da64fa0ec584b9daeaca) Importer(815301076,1909f56bfc062723c751e8b465ee728b) (PreviewImporter) -> (artifact id: '3321ea695eb241b259cfcb3790d2024f') in 0.0067816 seconds
Number of updated asset objects reloaded before import = 0Number of asset objects unloaded after import = 2

========================================================================
Received Import Request.
  Time since last request: 0.000027 seconds.
  path: Assets/OpenYandere/Models/Characters/Aoi/Materials/f02_swimwear_10_h_c.mat
  artifactKey: Guid(b3398d74c32efe54f898c6ec6e1aed8e) Importer(815301076,1909f56bfc062723c751e8b465ee728b)
Start importing Assets/OpenYandere/Models/Characters/Aoi/Materials/f02_swimwear_10_h_c.mat using Guid(b3398d74c32efe54f898c6ec6e1aed8e) Importer(815301076,1909f56bfc062723c751e8b465ee728b) (PreviewImporter) -> (artifact id: 'bdef6ae5ed74a723d3fba35567a4611b') in 0.0071051 seconds
Number of updated asset objects reloaded before import = 0Number of asset objects unloaded after import = 2

========================================================================
Received Import Request.
  Time since last request: 0.132705 seconds.
  path: Assets/OpenYandere/Models/Characters/Aoi/Materials/f02_swimwear_20_h_s.mat
  artifactKey: Guid(b2c1ca82f4957f34db1bf909f649326e) Importer(815301076,1909f56bfc062723c751e8b465ee728b)
Start importing Assets/OpenYandere/Models/Characters/Aoi/Materials/f02_swimwear_20_h_s.mat using Guid(b2c1ca82f4957f34db1bf909f649326e) Importer(815301076,1909f56bfc062723c751e8b465ee728b) (PreviewImporter) -> (artifact id: 'd730e0e48a2a06b5de9cfd451e4ef141') in 0.0071345 seconds
Number of updated asset objects reloaded before import = 0Number of asset objects unloaded after import = 2

========================================================================
Received Import Request.
  Time since last request: 0.000031 seconds.
  path: Assets/OpenYandere/Models/Characters/Aoi/Materials/f02_swimwear_20_m_c.mat
  artifactKey: Guid(f5db57ebee35feb45bd9ed0613997b53) Importer(815301076,1909f56bfc062723c751e8b465ee728b)
Start importing Assets/OpenYandere/Models/Characters/Aoi/Materials/f02_swimwear_20_m_c.mat using Guid(f5db57ebee35feb45bd9ed0613997b53) Importer(815301076,1909f56bfc062723c751e8b465ee728b) (PreviewImporter) -> (artifact id: '3d94f0c5c13788eed463aae98e05f512') in 0.0070485 seconds
Number of updated asset objects reloaded before import = 0Number of asset objects unloaded after import = 2

========================================================================
Received Import Request.
  Time since last request: 0.000036 seconds.
  path: Assets/OpenYandere/Models/Characters/Aoi/Materials/f02_swimwear_20_l_s.mat
  artifactKey: Guid(575ccd65d5a0aab4b993754e597203dc) Importer(815301076,1909f56bfc062723c751e8b465ee728b)
Start importing Assets/OpenYandere/Models/Characters/Aoi/Materials/f02_swimwear_20_l_s.mat using Guid(575ccd65d5a0aab4b993754e597203dc) Importer(815301076,1909f56bfc062723c751e8b465ee728b) (PreviewImporter) -> (artifact id: '242868391e29085ec2f38fc435467a94') in 0.0073548 seconds
Number of updated asset objects reloaded before import = 0Number of asset objects unloaded after import = 2

========================================================================
Received Import Request.
  Time since last request: 0.000024 seconds.
  path: Assets/OpenYandere/Models/Characters/Aoi/Materials/f02_uniform_00_l_c.mat
  artifactKey: Guid(b9aa0c8dee2eb3b4b9d9058111b2f1f6) Importer(815301076,1909f56bfc062723c751e8b465ee728b)
Start importing Assets/OpenYandere/Models/Characters/Aoi/Materials/f02_uniform_00_l_c.mat using Guid(b9aa0c8dee2eb3b4b9d9058111b2f1f6) Importer(815301076,1909f56bfc062723c751e8b465ee728b) (PreviewImporter) -> (artifact id: '0b8828acd8b61c78afc3fe96cfc7ea2c') in 0.007053 seconds
Number of updated asset objects reloaded before import = 0Number of asset objects unloaded after import = 2

========================================================================
Received Import Request.
  Time since last request: 0.000031 seconds.
  path: Assets/OpenYandere/Models/Characters/Aoi/Materials/f02_uniform_00_m_c.mat
  artifactKey: Guid(77a2b95b5c548d64baf856ac50554e98) Importer(815301076,1909f56bfc062723c751e8b465ee728b)
Start importing Assets/OpenYandere/Models/Characters/Aoi/Materials/f02_uniform_00_m_c.mat using Guid(77a2b95b5c548d64baf856ac50554e98) Importer(815301076,1909f56bfc062723c751e8b465ee728b) (PreviewImporter) -> (artifact id: '637230249f34764a5e71682885d90dcf') in 0.0060971 seconds
Number of updated asset objects reloaded before import = 0Number of asset objects unloaded after import = 2

========================================================================
Received Import Request.
  Time since last request: 7.434478 seconds.
  path: Assets/OpenYandere/Models/Characters/Aoi/_Textures/f02_schoolwear_210_l.png
  artifactKey: Guid(42d7ceb0ad31ada4682e70c6969f3763) Importer(815301076,1909f56bfc062723c751e8b465ee728b)
Start importing Assets/OpenYandere/Models/Characters/Aoi/_Textures/f02_schoolwear_210_l.png using Guid(42d7ceb0ad31ada4682e70c6969f3763) Importer(815301076,1909f56bfc062723c751e8b465ee728b) (PreviewImporter) -> (artifact id: '384ed7552b4637d408683dd6397f3d5e') in 0.0277991 seconds
Number of updated asset objects reloaded before import = 0Number of asset objects unloaded after import = 2

========================================================================
Received Import Request.
  Time since last request: 0.000035 seconds.
  path: Assets/OpenYandere/Models/Characters/Aoi/_Textures/f02_schoolwear_220_l.png
  artifactKey: Guid(df7f533fcb505c74390bc4c9bcdebaf7) Importer(815301076,1909f56bfc062723c751e8b465ee728b)
Start importing Assets/OpenYandere/Models/Characters/Aoi/_Textures/f02_schoolwear_220_l.png using Guid(df7f533fcb505c74390bc4c9bcdebaf7) Importer(815301076,1909f56bfc062723c751e8b465ee728b) (PreviewImporter) -> (artifact id: '626b52b2c248620df5df842ebe82703d') in 0.0250713 seconds
Number of updated asset objects reloaded before import = 0Number of asset objects unloaded after import = 2

========================================================================
Received Import Request.
  Time since last request: 0.000030 seconds.
  path: Assets/OpenYandere/Models/Characters/Aoi/_Textures/f02_swimwear_30_l.png
  artifactKey: Guid(a6f6b746296f99c48b530d392a0c2d69) Importer(815301076,1909f56bfc062723c751e8b465ee728b)
Start importing Assets/OpenYandere/Models/Characters/Aoi/_Textures/f02_swimwear_30_l.png using Guid(a6f6b746296f99c48b530d392a0c2d69) Importer(815301076,1909f56bfc062723c751e8b465ee728b) (PreviewImporter) -> (artifact id: '0321a0a0826466345a60371de14544a8') in 0.0116702 seconds
Number of updated asset objects reloaded before import = 0Number of asset objects unloaded after import = 2

========================================================================
Received Import Request.
  Time since last request: 0.000029 seconds.
  path: Assets/OpenYandere/Models/Characters/Aoi/_Textures/f02_swimwear_10_h.png
  artifactKey: Guid(4fa97a482e82b9e4cb545de4b8b70c88) Importer(815301076,1909f56bfc062723c751e8b465ee728b)
Start importing Assets/OpenYandere/Models/Characters/Aoi/_Textures/f02_swimwear_10_h.png using Guid(4fa97a482e82b9e4cb545de4b8b70c88) Importer(815301076,1909f56bfc062723c751e8b465ee728b) (PreviewImporter) -> (artifact id: '72c2a958dac7d01b7ac5ea7b5f71cbde') in 0.0182469 seconds
Number of updated asset objects reloaded before import = 0Number of asset objects unloaded after import = 2

========================================================================
Received Import Request.
  Time since last request: 0.000079 seconds.
  path: Assets/OpenYandere/Models/Characters/Aoi/_Textures/f02_uniform_00_m.png
  artifactKey: Guid(b98af3b20d7582147bcaa93cf1ac49e9) Importer(815301076,1909f56bfc062723c751e8b465ee728b)
Start importing Assets/OpenYandere/Models/Characters/Aoi/_Textures/f02_uniform_00_m.png using Guid(b98af3b20d7582147bcaa93cf1ac49e9) Importer(815301076,1909f56bfc062723c751e8b465ee728b) (PreviewImporter) -> (artifact id: '8ea50323cccd307d08043527137b0740') in 0.0140557 seconds
Number of updated asset objects reloaded before import = 0Number of asset objects unloaded after import = 2

========================================================================
Received Import Request.
  Time since last request: 0.000021 seconds.
  path: Assets/OpenYandere/Models/Characters/Aoi/_Textures/f02_schoolwear_220_h.png
  artifactKey: Guid(466a290a616a42e45a17499f1fd97125) Importer(815301076,1909f56bfc062723c751e8b465ee728b)
Start importing Assets/OpenYandere/Models/Characters/Aoi/_Textures/f02_schoolwear_220_h.png using Guid(466a290a616a42e45a17499f1fd97125) Importer(815301076,1909f56bfc062723c751e8b465ee728b) (PreviewImporter) -> (artifact id: '08a2cf3dce0a0f0556621cf1185ae3f2') in 0.0140015 seconds
Number of updated asset objects reloaded before import = 0Number of asset objects unloaded after import = 2

========================================================================
Received Import Request.
  Time since last request: 5.042566 seconds.
  path: Assets/OpenYandere/Models/Characters/Aoi/Mecanim/Models/f02_bathtowel_00_l.fbx
  artifactKey: Guid(7a0a23937cb7c934f944a0facd48cb47) Importer(815301076,1909f56bfc062723c751e8b465ee728b)
Start importing Assets/OpenYandere/Models/Characters/Aoi/Mecanim/Models/f02_bathtowel_00_l.fbx using Guid(7a0a23937cb7c934f944a0facd48cb47) Importer(815301076,1909f56bfc062723c751e8b465ee728b) (PreviewImporter) -> (artifact id: '9e14000326df3679ae334794950559c1') in 0.0576844 seconds
Number of updated asset objects reloaded before import = 0Number of asset objects unloaded after import = 323

========================================================================
Received Import Request.
  Time since last request: 0.000030 seconds.
  path: Assets/OpenYandere/Models/Characters/Aoi/Mecanim/Models/f02_blazer_300_l.fbx
  artifactKey: Guid(3fcb0f48c43e1614eb50932e303e6d68) Importer(815301076,1909f56bfc062723c751e8b465ee728b)
Start importing Assets/OpenYandere/Models/Characters/Aoi/Mecanim/Models/f02_blazer_300_l.fbx using Guid(3fcb0f48c43e1614eb50932e303e6d68) Importer(815301076,1909f56bfc062723c751e8b465ee728b) (PreviewImporter) -> (artifact id: '4dd67ef0b170a7714001429e620f1752') in 0.0270897 seconds
Number of updated asset objects reloaded before import = 0Number of asset objects unloaded after import = 323

========================================================================
Received Import Request.
  Time since last request: 0.000045 seconds.
  path: Assets/OpenYandere/Models/Characters/Aoi/Mecanim/Models/f02_blazer_210_h.fbx
  artifactKey: Guid(3486ab21b0548714783e506b561b8a12) Importer(815301076,1909f56bfc062723c751e8b465ee728b)
Start importing Assets/OpenYandere/Models/Characters/Aoi/Mecanim/Models/f02_blazer_210_h.fbx using Guid(3486ab21b0548714783e506b561b8a12) Importer(815301076,1909f56bfc062723c751e8b465ee728b) (PreviewImporter) -> (artifact id: 'f75eafd9e17abc0a43ee14ac0aa7c92c') in 0.0267693 seconds
Number of updated asset objects reloaded before import = 0Number of asset objects unloaded after import = 323

========================================================================
Received Import Request.
  Time since last request: 0.000025 seconds.
  path: Assets/OpenYandere/Models/Characters/Aoi/Mecanim/Models/f02_blazer_000_m.fbx
  artifactKey: Guid(b14b55a43785fcb4a80fc4c1a8310bda) Importer(815301076,1909f56bfc062723c751e8b465ee728b)
Start importing Assets/OpenYandere/Models/Characters/Aoi/Mecanim/Models/f02_blazer_000_m.fbx using Guid(b14b55a43785fcb4a80fc4c1a8310bda) Importer(815301076,1909f56bfc062723c751e8b465ee728b) (PreviewImporter) -> (artifact id: '46181cf4c339be896ccee5892223f15a') in 0.0278211 seconds
Number of updated asset objects reloaded before import = 0Number of asset objects unloaded after import = 323

========================================================================
Received Import Request.
  Time since last request: 0.000026 seconds.
  path: Assets/OpenYandere/Models/Characters/Aoi/Mecanim/Models/f02_blazer_220_h.fbx
  artifactKey: Guid(6cbf0b73d6f279043b4c634d0696606c) Importer(815301076,1909f56bfc062723c751e8b465ee728b)
Start importing Assets/OpenYandere/Models/Characters/Aoi/Mecanim/Models/f02_blazer_220_h.fbx using Guid(6cbf0b73d6f279043b4c634d0696606c) Importer(815301076,1909f56bfc062723c751e8b465ee728b) (PreviewImporter) -> (artifact id: '2bbb10e6d98caa2aa21afa690f27fda4') in 0.0265493 seconds
Number of updated asset objects reloaded before import = 0Number of asset objects unloaded after import = 323

========================================================================
Received Import Request.
  Time since last request: 0.000046 seconds.
  path: Assets/OpenYandere/Models/Characters/Aoi/Mecanim/Models/f02_blazer_220_m.fbx
  artifactKey: Guid(3cd5540eea1c2854abff5c9dcfb991a0) Importer(815301076,1909f56bfc062723c751e8b465ee728b)
Start importing Assets/OpenYandere/Models/Characters/Aoi/Mecanim/Models/f02_blazer_220_m.fbx using Guid(3cd5540eea1c2854abff5c9dcfb991a0) Importer(815301076,1909f56bfc062723c751e8b465ee728b) (PreviewImporter) -> (artifact id: '61189ba428016c1526edfe79aa7c6f83') in 0.0269699 seconds
Number of updated asset objects reloaded before import = 0Number of asset objects unloaded after import = 323

========================================================================
Received Import Request.
  Time since last request: 0.000029 seconds.
  path: Assets/OpenYandere/Models/Characters/Aoi/Mecanim/Models/f02_blazer_120_h.fbx
  artifactKey: Guid(6f6d0a7997c4e934db061ef141d590fa) Importer(815301076,1909f56bfc062723c751e8b465ee728b)
Start importing Assets/OpenYandere/Models/Characters/Aoi/Mecanim/Models/f02_blazer_120_h.fbx using Guid(6f6d0a7997c4e934db061ef141d590fa) Importer(815301076,1909f56bfc062723c751e8b465ee728b) (PreviewImporter) -> (artifact id: '82590b7e8521fd95464ab78a64f57a50') in 0.0255442 seconds
Number of updated asset objects reloaded before import = 0Number of asset objects unloaded after import = 323

========================================================================
Received Import Request.
  Time since last request: 0.000022 seconds.
  path: Assets/OpenYandere/Models/Characters/Aoi/Mecanim/Models/f02_casualwear_10_h.fbx
  artifactKey: Guid(63794dcf48df1b74c931882c38b1040c) Importer(815301076,1909f56bfc062723c751e8b465ee728b)
Start importing Assets/OpenYandere/Models/Characters/Aoi/Mecanim/Models/f02_casualwear_10_h.fbx using Guid(63794dcf48df1b74c931882c38b1040c) Importer(815301076,1909f56bfc062723c751e8b465ee728b) (PreviewImporter) -> (artifact id: '33ee5592f574d71313b2101bc38b9203') in 0.026995 seconds
Number of updated asset objects reloaded before import = 0Number of asset objects unloaded after import = 323

========================================================================
Received Import Request.
  Time since last request: 0.000025 seconds.
  path: Assets/OpenYandere/Models/Characters/Aoi/Mecanim/Models/f02_blazer_010_h.fbx
  artifactKey: Guid(ef0e60acfed7481499306666327c0897) Importer(815301076,1909f56bfc062723c751e8b465ee728b)
Start importing Assets/OpenYandere/Models/Characters/Aoi/Mecanim/Models/f02_blazer_010_h.fbx using Guid(ef0e60acfed7481499306666327c0897) Importer(815301076,1909f56bfc062723c751e8b465ee728b) (PreviewImporter) -> (artifact id: 'b15cac9c245af000fdda84ce23c26a50') in 0.030451 seconds
Number of updated asset objects reloaded before import = 0Number of asset objects unloaded after import = 323

========================================================================
Received Import Request.
  Time since last request: 0.000034 seconds.
  path: Assets/OpenYandere/Models/Characters/Aoi/Mecanim/Models/f02_blazer_020_m.fbx
  artifactKey: Guid(467b658a27036334aa30939685ce6481) Importer(815301076,1909f56bfc062723c751e8b465ee728b)
Start importing Assets/OpenYandere/Models/Characters/Aoi/Mecanim/Models/f02_blazer_020_m.fbx using Guid(467b658a27036334aa30939685ce6481) Importer(815301076,1909f56bfc062723c751e8b465ee728b) (PreviewImporter) -> (artifact id: 'd113fe687e0659e5d74fece26cd32624') in 0.0284162 seconds
Number of updated asset objects reloaded before import = 0Number of asset objects unloaded after import = 323

Editor requested this worker to shutdown with reason: Scaling down because of idle timeout
AssetImportWorker is now disconnected from the server
Process exiting
Exiting without the bug reporter. Application will terminate with return code 0