Using pre-set license
Built from 'trunk' branch; Version is '2023.3.0a5 (184a44300b92) revision 1591876'; Using compiler version '193431935'; Build Type 'Release'
OS: 'Windows 11  (10.0.22621) 64bit Professional' Language: 'pt' Physical Memory: 32634 MB
BatchMode: 1, IsHumanControllingUs: 0, StartBugReporterOnCrash: 0, Is64bit: 1, IsPro: 1

COMMAND LINE ARGUMENTS:
B:\Program Files\Unity\Hub\Editor\2023.3.0a5\Editor\Unity.exe
-adb2
-batchMode
-noUpm
-name
AssetImportWorker4
-projectPath
B:/Felipe Gomes/Documents/Unity Projects/OpenYandere
-logFile
Logs/AssetImportWorker4.log
-srvPort
54693
-job-worker-count
9
-background-job-worker-count
8
-asset-garbage-collectors
1
Successfully changed project path to: B:/Felipe Gomes/Documents/Unity Projects/OpenYandere
B:/Felipe Gomes/Documents/Unity Projects/OpenYandere
[UnityMemory] Configuration Parameters - Can be set up in boot.config
    "memorysetup-bucket-allocator-granularity=16"
    "memorysetup-bucket-allocator-bucket-count=8"
    "memorysetup-bucket-allocator-block-size=33554432"
    "memorysetup-bucket-allocator-block-count=8"
    "memorysetup-main-allocator-block-size=16777216"
    "memorysetup-thread-allocator-block-size=16777216"
    "memorysetup-gfx-main-allocator-block-size=16777216"
    "memorysetup-gfx-thread-allocator-block-size=16777216"
    "memorysetup-cache-allocator-block-size=4194304"
    "memorysetup-typetree-allocator-block-size=2097152"
    "memorysetup-profiler-bucket-allocator-granularity=16"
    "memorysetup-profiler-bucket-allocator-bucket-count=8"
    "memorysetup-profiler-bucket-allocator-block-size=33554432"
    "memorysetup-profiler-bucket-allocator-block-count=8"
    "memorysetup-profiler-allocator-block-size=16777216"
    "memorysetup-profiler-editor-allocator-block-size=1048576"
    "memorysetup-temp-allocator-size-main=16777216"
    "memorysetup-job-temp-allocator-block-size=2097152"
    "memorysetup-job-temp-allocator-block-size-background=1048576"
    "memorysetup-job-temp-allocator-reduction-small-platforms=262144"
    "memorysetup-allocator-temp-initial-block-size-main=262144"
    "memorysetup-allocator-temp-initial-block-size-worker=262144"
    "memorysetup-temp-allocator-size-background-worker=32768"
    "memorysetup-temp-allocator-size-job-worker=262144"
    "memorysetup-temp-allocator-size-preload-manager=33554432"
    "memorysetup-temp-allocator-size-nav-mesh-worker=65536"
    "memorysetup-temp-allocator-size-audio-worker=65536"
    "memorysetup-temp-allocator-size-cloud-worker=32768"
    "memorysetup-temp-allocator-size-gi-baking-worker=262144"
    "memorysetup-temp-allocator-size-gi-baking-worker=262144"
    "memorysetup-temp-allocator-size-gi-baking-worker=262144"
    "memorysetup-temp-allocator-size-gi-baking-worker=262144"
    "memorysetup-temp-allocator-size-gi-baking-worker=262144"
    "memorysetup-temp-allocator-size-gfx=262144"
Player connection [15944] Host "[IP] 192.168.15.20 [Port] 0 [Flags] 2 [Guid] 3465088338 [EditorId] 3465088338 [Version] 1048832 [Id] WindowsEditor(7,Rotwang) [Debug] 1 [PackageName] WindowsEditor [ProjectName] Editor" joined multi-casting on [225.0.0.222:54997]...
Player connection [15944] Host "[IP] 192.168.15.20 [Port] 0 [Flags] 2 [Guid] 3465088338 [EditorId] 3465088338 [Version] 1048832 [Id] WindowsEditor(7,Rotwang) [Debug] 1 [PackageName] WindowsEditor [ProjectName] Editor" joined alternative multi-casting on [225.0.0.222:34997]...
JobSystem: Creating JobQueue using job-worker-count value 9
[Physics::Module] Initialized MultithreadedJobDispatcher with 9 workers.
Library Redirect Path: Library/
Refreshing native plugins compatible for Editor in 4.60 ms, found 2 plugins.
Preloading 0 native plugins for Editor in 0.00 ms.
Initialize engine version: 2023.3.0a5 (184a44300b92)
[Subsystems] Discovering subsystems at path B:/Program Files/Unity/Hub/Editor/2023.3.0a5/Editor/Data/Resources/UnitySubsystems
[Subsystems] Discovering subsystems at path B:/Felipe Gomes/Documents/Unity Projects/OpenYandere/Assets
GfxDevice: creating device client; kGfxThreadingModeNonThreaded
Direct3D:
    Version:  Direct3D 11.0 [level 11.1]
    Renderer: NVIDIA GeForce RTX 3060 (ID=0x2487)
    Vendor:   NVIDIA
    VRAM:     12124 MB
    Driver:   31.0.15.3758
Initialize mono
Mono path[0] = 'B:/Program Files/Unity/Hub/Editor/2023.3.0a5/Editor/Data/Managed'
Mono path[1] = 'B:/Program Files/Unity/Hub/Editor/2023.3.0a5/Editor/Data/MonoBleedingEdge/lib/mono/unityjit-win32'
Mono config path = 'B:/Program Files/Unity/Hub/Editor/2023.3.0a5/Editor/Data/MonoBleedingEdge/etc'
Using monoOptions --debugger-agent=transport=dt_socket,embedding=1,server=y,suspend=n,address=127.0.0.1:56992
Begin MonoManager ReloadAssembly
C:\build\output\Unity-Technologies\mono\mono\metadata\icall.c:1842:
C:\build\output\Unity-Technologies\mono\mono\metadata\icall.c:1842:
C:\build\output\Unity-Technologies\mono\mono\metadata\icall.c:1842:
C:\build\output\Unity-Technologies\mono\mono\metadata\icall.c:1842:
C:\build\output\Unity-Technologies\mono\mono\metadata\icall.c:1842:
C:\build\output\Unity-Technologies\mono\mono\metadata\icall.c:1842:
C:\build\output\Unity-Technologies\mono\mono\metadata\icall.c:1842:
C:\build\output\Unity-Technologies\mono\mono\metadata\icall.c:1842:
C:\build\output\Unity-Technologies\mono\mono\metadata\icall.c:1842:
C:\build\output\Unity-Technologies\mono\mono\metadata\icall.c:1842:
Registering precompiled unity dll's ...
Register platform support module: B:/Program Files/Unity/Hub/Editor/2023.3.0a5/Editor/Data/PlaybackEngines/WindowsStandaloneSupport/UnityEditor.WindowsStandalone.Extensions.dll
Registered in 0.002224 seconds.
- Loaded All Assemblies, in  0.465 seconds
Native extension for WindowsStandalone target not found
Mono: successfully reloaded assembly
C:\build\output\Unity-Technologies\mono\mono\metadata\icall.c:1842:
C:\build\output\Unity-Technologies\mono\mono\metadata\icall.c:1842:
- Finished resetting the current domain, in  0.331 seconds
Domain Reload Profiling: 796ms
	BeginReloadAssembly (170ms)
		ExecutionOrderSort (0ms)
		DisableScriptedObjects (0ms)
		BackupInstance (0ms)
		ReleaseScriptingObjects (0ms)
		CreateAndSetChildDomain (1ms)
	RebuildCommonClasses (44ms)
	RebuildNativeTypeToScriptingClass (13ms)
	initialDomainReloadingComplete (53ms)
	LoadAllAssembliesAndSetupDomain (184ms)
		LoadAssemblies (170ms)
		RebuildTransferFunctionScriptingTraits (0ms)
		AnalyzeDomain (181ms)
			TypeCache.Refresh (180ms)
				TypeCache.ScanAssembly (161ms)
			BuildScriptInfoCaches (0ms)
			ResolveRequiredComponents (1ms)
	FinalizeReload (332ms)
		ReleaseScriptCaches (0ms)
		RebuildScriptCaches (0ms)
		SetupLoadedEditorAssemblies (273ms)
			LogAssemblyErrors (0ms)
			InitializePlatformSupportModulesInManaged (11ms)
			SetLoadedEditorAssemblies (7ms)
			BeforeProcessingInitializeOnLoad (7ms)
			ProcessInitializeOnLoadAttributes (196ms)
			ProcessInitializeOnLoadMethodAttributes (53ms)
			AfterProcessingInitializeOnLoad (0ms)
			EditorAssembliesLoaded (0ms)
		ExecutionOrderSort2 (0ms)
		AwakeInstancesAfterBackupRestoration (0ms)
========================================================================
Worker process is ready to serve import requests
Import Worker Mode flag is 0x00
Begin MonoManager ReloadAssembly
C:\build\output\Unity-Technologies\mono\mono\metadata\icall.c:1842:
C:\build\output\Unity-Technologies\mono\mono\metadata\icall.c:1842:
C:\build\output\Unity-Technologies\mono\mono\metadata\icall.c:1842:
C:\build\output\Unity-Technologies\mono\mono\metadata\icall.c:1842:
C:\build\output\Unity-Technologies\mono\mono\metadata\icall.c:1842:
C:\build\output\Unity-Technologies\mono\mono\metadata\icall.c:1842:
C:\build\output\Unity-Technologies\mono\mono\metadata\icall.c:1842:
C:\build\output\Unity-Technologies\mono\mono\metadata\icall.c:1842:
C:\build\output\Unity-Technologies\mono\mono\metadata\icall.c:1842:
C:\build\output\Unity-Technologies\mono\mono\metadata\icall.c:1842:
C:\build\output\Unity-Technologies\mono\mono\metadata\icall.c:1842:
C:\build\output\Unity-Technologies\mono\mono\metadata\icall.c:1842:
Symbol file LoadedFromMemory is not a mono symbol file
- Loaded All Assemblies, in  0.947 seconds
Refreshing native plugins compatible for Editor in 3.90 ms, found 2 plugins.
URP-HighFidelity-Renderer is missing RendererFeatures
This could be due to missing scripts or compile error.
UnityEngine.Debug:ExtractStackTraceNoAlloc (byte*,int,string)
UnityEngine.StackTraceUtility:ExtractStackTrace ()
UnityEngine.DebugLogHandler:Internal_Log (UnityEngine.LogType,UnityEngine.LogOption,string,UnityEngine.Object)
UnityEngine.DebugLogHandler:LogFormat (UnityEngine.LogType,UnityEngine.Object,string,object[])
UnityEngine.Logger:Log (UnityEngine.LogType,object,UnityEngine.Object)
UnityEngine.Debug:LogError (object,UnityEngine.Object)
UnityEngine.Rendering.Universal.ScriptableRendererData:ValidateRendererFeatures () (at ./Library/PackageCache/com.unity.render-pipelines.universal@17.0.0/Runtime/ScriptableRendererData.cs:257)
UnityEngine.Rendering.Universal.ScriptableRendererData:OnValidate () (at ./Library/PackageCache/com.unity.render-pipelines.universal@17.0.0/Runtime/ScriptableRendererData.cs:145)

(Filename: ./Library/PackageCache/com.unity.render-pipelines.universal@17.0.0/Runtime/ScriptableRendererData.cs Line: 257)

Native extension for WindowsStandalone target not found
Mono: successfully reloaded assembly
- Finished resetting the current domain, in  1.025 seconds
Domain Reload Profiling: 1972ms
	BeginReloadAssembly (387ms)
		ExecutionOrderSort (0ms)
		DisableScriptedObjects (3ms)
		BackupInstance (0ms)
		ReleaseScriptingObjects (0ms)
		CreateAndSetChildDomain (42ms)
	RebuildCommonClasses (41ms)
	RebuildNativeTypeToScriptingClass (12ms)
	initialDomainReloadingComplete (33ms)
	LoadAllAssembliesAndSetupDomain (473ms)
		LoadAssemblies (398ms)
		RebuildTransferFunctionScriptingTraits (0ms)
		AnalyzeDomain (197ms)
			TypeCache.Refresh (153ms)
				TypeCache.ScanAssembly (135ms)
			BuildScriptInfoCaches (33ms)
			ResolveRequiredComponents (9ms)
	FinalizeReload (1026ms)
		ReleaseScriptCaches (0ms)
		RebuildScriptCaches (0ms)
		SetupLoadedEditorAssemblies (766ms)
			LogAssemblyErrors (0ms)
			InitializePlatformSupportModulesInManaged (3ms)
			SetLoadedEditorAssemblies (8ms)
			BeforeProcessingInitializeOnLoad (124ms)
			ProcessInitializeOnLoadAttributes (391ms)
			ProcessInitializeOnLoadMethodAttributes (237ms)
			AfterProcessingInitializeOnLoad (2ms)
			EditorAssembliesLoaded (0ms)
		ExecutionOrderSort2 (0ms)
		AwakeInstancesAfterBackupRestoration (6ms)
Launched and connected shader compiler UnityShaderCompiler.exe after 0.01 seconds
Refreshing native plugins compatible for Editor in 5.66 ms, found 2 plugins.
Preloading 0 native plugins for Editor in 0.00 ms.
Unloading 190 Unused Serialized files (Serialized files now loaded: 0)
Unloading 4765 unused Assets / (5.0 MB). Loaded Objects now: 5445.
Memory consumption went from 176.3 MB to 171.3 MB.
Total: 18.238900 ms (FindLiveObjects: 1.025900 ms CreateObjectMapping: 1.218200 ms MarkObjects: 12.471300 ms  DeleteObjects: 3.522300 ms)

========================================================================
Received Import Request.
  Time since last request: 58150.012096 seconds.
  path: Assets/OpenYandere/Models/Characters/Aoi/Mecanim/Models/Materials/f02_schoolwear_300_h_s.mat
  artifactKey: Guid(c22ef3a40a0d8684097b6c18788fe108) Importer(815301076,1909f56bfc062723c751e8b465ee728b)
Start importing Assets/OpenYandere/Models/Characters/Aoi/Mecanim/Models/Materials/f02_schoolwear_300_h_s.mat using Guid(c22ef3a40a0d8684097b6c18788fe108) Importer(815301076,1909f56bfc062723c751e8b465ee728b) (PreviewImporter) -> (artifact id: '5ada50039d610d0253029da4fa3caadb') in 0.3638458 seconds
Number of updated asset objects reloaded before import = 0Number of asset objects unloaded after import = 14

========================================================================
Received Import Request.
  Time since last request: 18.151357 seconds.
  path: Assets/OpenYandere/Models/Characters/Aoi/Mecanim/Models/f02_schoolwear_210_h.fbx
  artifactKey: Guid(75e56387ded5c0a489e6773aee1173fe) Importer(815301076,1909f56bfc062723c751e8b465ee728b)
Start importing Assets/OpenYandere/Models/Characters/Aoi/Mecanim/Models/f02_schoolwear_210_h.fbx using Guid(75e56387ded5c0a489e6773aee1173fe) Importer(815301076,1909f56bfc062723c751e8b465ee728b) (PreviewImporter) -> (artifact id: '93c45cf6e1c6aa7a8015b2901a23073d') in 0.0595315 seconds
Number of updated asset objects reloaded before import = 0Number of asset objects unloaded after import = 327

========================================================================
Received Import Request.
  Time since last request: 0.000056 seconds.
  path: Assets/OpenYandere/Models/Characters/Aoi/Mecanim/Models/f02_uniform_00_l.fbx
  artifactKey: Guid(e0e6f70d3334612449b5d579a468def7) Importer(815301076,1909f56bfc062723c751e8b465ee728b)
Start importing Assets/OpenYandere/Models/Characters/Aoi/Mecanim/Models/f02_uniform_00_l.fbx using Guid(e0e6f70d3334612449b5d579a468def7) Importer(815301076,1909f56bfc062723c751e8b465ee728b) (PreviewImporter) -> (artifact id: '7379dd4c003b80cf0824fb268e643219') in 0.03187 seconds
Number of updated asset objects reloaded before import = 0Number of asset objects unloaded after import = 327

========================================================================
Received Import Request.
  Time since last request: 0.000032 seconds.
  path: Assets/OpenYandere/Models/Characters/Aoi/Mecanim/Models/f02_swimwear_00_l.fbx
  artifactKey: Guid(7b167e86595d36d4792b48789610ee08) Importer(815301076,1909f56bfc062723c751e8b465ee728b)
Start importing Assets/OpenYandere/Models/Characters/Aoi/Mecanim/Models/f02_swimwear_00_l.fbx using Guid(7b167e86595d36d4792b48789610ee08) Importer(815301076,1909f56bfc062723c751e8b465ee728b) (PreviewImporter) -> (artifact id: '7ed8318529cef729a70cb34029b3f2f2') in 0.0299651 seconds
Number of updated asset objects reloaded before import = 0Number of asset objects unloaded after import = 327

========================================================================
Received Import Request.
  Time since last request: 0.000039 seconds.
  path: Assets/OpenYandere/Models/Characters/Aoi/Mecanim/Models/f02_swimwear_20_h.fbx
  artifactKey: Guid(fea03ddeb59b0c047b6c9766d2683431) Importer(815301076,1909f56bfc062723c751e8b465ee728b)
Start importing Assets/OpenYandere/Models/Characters/Aoi/Mecanim/Models/f02_swimwear_20_h.fbx using Guid(fea03ddeb59b0c047b6c9766d2683431) Importer(815301076,1909f56bfc062723c751e8b465ee728b) (PreviewImporter) -> (artifact id: '0755cbe3ad1b31d50865481a4b1e03ab') in 0.0343746 seconds
Number of updated asset objects reloaded before import = 0Number of asset objects unloaded after import = 327

========================================================================
Received Import Request.
  Time since last request: 0.000025 seconds.
  path: Assets/OpenYandere/Models/Characters/Aoi/Mecanim/Models/f02_schoolwear_310_l.fbx
  artifactKey: Guid(11bb222c6e70fae4081555f9ba2005a7) Importer(815301076,1909f56bfc062723c751e8b465ee728b)
Start importing Assets/OpenYandere/Models/Characters/Aoi/Mecanim/Models/f02_schoolwear_310_l.fbx using Guid(11bb222c6e70fae4081555f9ba2005a7) Importer(815301076,1909f56bfc062723c751e8b465ee728b) (PreviewImporter) -> (artifact id: '23d7af668b97ba641058a55e72b997d6') in 0.0278788 seconds
Number of updated asset objects reloaded before import = 0Number of asset objects unloaded after import = 327

========================================================================
Received Import Request.
  Time since last request: 0.000029 seconds.
  path: Assets/OpenYandere/Models/Characters/Aoi/Mecanim/Models/f02_schoolwear_300_h.fbx
  artifactKey: Guid(22df1cd709ef5b344b7797bd44ca1d39) Importer(815301076,1909f56bfc062723c751e8b465ee728b)
Start importing Assets/OpenYandere/Models/Characters/Aoi/Mecanim/Models/f02_schoolwear_300_h.fbx using Guid(22df1cd709ef5b344b7797bd44ca1d39) Importer(815301076,1909f56bfc062723c751e8b465ee728b) (PreviewImporter) -> (artifact id: '04786be1e1267335746c7a02660ddfeb') in 0.0243023 seconds
Number of updated asset objects reloaded before import = 0Number of asset objects unloaded after import = 327

========================================================================
Received Import Request.
  Time since last request: 1.111364 seconds.
  path: Assets/OpenYandere/Models/Characters/Aoi/Mecanim/Animations/f02@f02_liedown_01.fbx
  artifactKey: Guid(9260533b41cd2a64fb11cfc11771dde0) Importer(815301076,1909f56bfc062723c751e8b465ee728b)
Start importing Assets/OpenYandere/Models/Characters/Aoi/Mecanim/Animations/f02@f02_liedown_01.fbx using Guid(9260533b41cd2a64fb11cfc11771dde0) Importer(815301076,1909f56bfc062723c751e8b465ee728b) (PreviewImporter) -> (artifact id: 'ee0c56f4cb2f8772368f3c06d4857a79') in 0.0052752 seconds
Number of updated asset objects reloaded before import = 0Number of asset objects unloaded after import = 315

========================================================================
Received Import Request.
  Time since last request: 0.000034 seconds.
  path: Assets/OpenYandere/Models/Characters/Aoi/Mecanim/Animations/f02@f02_lookdown_00.fbx
  artifactKey: Guid(a2f5a7043e0de4149bb81b7caddfb51c) Importer(815301076,1909f56bfc062723c751e8b465ee728b)
Start importing Assets/OpenYandere/Models/Characters/Aoi/Mecanim/Animations/f02@f02_lookdown_00.fbx using Guid(a2f5a7043e0de4149bb81b7caddfb51c) Importer(815301076,1909f56bfc062723c751e8b465ee728b) (PreviewImporter) -> (artifact id: '70fa1130ecc7a076d00f3928796aa7ba') in 0.0062934 seconds
Number of updated asset objects reloaded before import = 0Number of asset objects unloaded after import = 315

========================================================================
Received Import Request.
  Time since last request: 0.000034 seconds.
  path: Assets/OpenYandere/Models/Characters/Aoi/Mecanim/Animations/f02@f02_punch_20.fbx
  artifactKey: Guid(ce358b51cd7986f4089eb5169dc360e1) Importer(815301076,1909f56bfc062723c751e8b465ee728b)
Start importing Assets/OpenYandere/Models/Characters/Aoi/Mecanim/Animations/f02@f02_punch_20.fbx using Guid(ce358b51cd7986f4089eb5169dc360e1) Importer(815301076,1909f56bfc062723c751e8b465ee728b) (PreviewImporter) -> (artifact id: '0f950874e4fb070d50da0f730fc37714') in 0.0057448 seconds
Number of updated asset objects reloaded before import = 0Number of asset objects unloaded after import = 315

========================================================================
Received Import Request.
  Time since last request: 0.000028 seconds.
  path: Assets/OpenYandere/Models/Characters/Aoi/Mecanim/Animations/f02@f02_pose_01.fbx
  artifactKey: Guid(b842696c35f76c64cb6a448022c49ddb) Importer(815301076,1909f56bfc062723c751e8b465ee728b)
Start importing Assets/OpenYandere/Models/Characters/Aoi/Mecanim/Animations/f02@f02_pose_01.fbx using Guid(b842696c35f76c64cb6a448022c49ddb) Importer(815301076,1909f56bfc062723c751e8b465ee728b) (PreviewImporter) -> (artifact id: '43bf782d3d712219b97e57f2f28cdc2b') in 0.0056192 seconds
Number of updated asset objects reloaded before import = 0Number of asset objects unloaded after import = 315

========================================================================
Received Import Request.
  Time since last request: 0.000020 seconds.
  path: Assets/OpenYandere/Models/Characters/Aoi/Mecanim/Animations/f02@f02_punch_21_p.fbx
  artifactKey: Guid(70fd10d8afe5eac4caef79744019cf55) Importer(815301076,1909f56bfc062723c751e8b465ee728b)
Start importing Assets/OpenYandere/Models/Characters/Aoi/Mecanim/Animations/f02@f02_punch_21_p.fbx using Guid(70fd10d8afe5eac4caef79744019cf55) Importer(815301076,1909f56bfc062723c751e8b465ee728b) (PreviewImporter) -> (artifact id: '85f5aaa5ec320d5873ebaac14e692964') in 0.0072713 seconds
Number of updated asset objects reloaded before import = 0Number of asset objects unloaded after import = 315

========================================================================
Received Import Request.
  Time since last request: 0.000032 seconds.
  path: Assets/OpenYandere/Models/Characters/Aoi/Mecanim/Animations/f02@f02_throw_20.fbx
  artifactKey: Guid(5bc9990243703e440910928b8e28d0d6) Importer(815301076,1909f56bfc062723c751e8b465ee728b)
Start importing Assets/OpenYandere/Models/Characters/Aoi/Mecanim/Animations/f02@f02_throw_20.fbx using Guid(5bc9990243703e440910928b8e28d0d6) Importer(815301076,1909f56bfc062723c751e8b465ee728b) (PreviewImporter) -> (artifact id: 'db5e303bab23ed340a0566bc1ae5d460') in 0.0054407 seconds
Number of updated asset objects reloaded before import = 0Number of asset objects unloaded after import = 315

========================================================================
Received Import Request.
  Time since last request: 0.000019 seconds.
  path: Assets/OpenYandere/Models/Characters/Aoi/Mecanim/Animations/f02@f02_throw_20_p.fbx
  artifactKey: Guid(22cbceaec4f24654f8e2aeb13eb9f224) Importer(815301076,1909f56bfc062723c751e8b465ee728b)
Start importing Assets/OpenYandere/Models/Characters/Aoi/Mecanim/Animations/f02@f02_throw_20_p.fbx using Guid(22cbceaec4f24654f8e2aeb13eb9f224) Importer(815301076,1909f56bfc062723c751e8b465ee728b) (PreviewImporter) -> (artifact id: '0a937cfc8c9f211d4e36d4a9b7135146') in 0.0056275 seconds
Number of updated asset objects reloaded before import = 0Number of asset objects unloaded after import = 315

========================================================================
Received Import Request.
  Time since last request: 0.000024 seconds.
  path: Assets/OpenYandere/Models/Characters/Aoi/Mecanim/Animations/f02@f02_special_20.fbx
  artifactKey: Guid(3bbba091a9b09444eb9899b291695e7d) Importer(815301076,1909f56bfc062723c751e8b465ee728b)
Start importing Assets/OpenYandere/Models/Characters/Aoi/Mecanim/Animations/f02@f02_special_20.fbx using Guid(3bbba091a9b09444eb9899b291695e7d) Importer(815301076,1909f56bfc062723c751e8b465ee728b) (PreviewImporter) -> (artifact id: '8cfdc400dccbddd9e5f72ad7b45a2a6a') in 0.0076073 seconds
Number of updated asset objects reloaded before import = 0Number of asset objects unloaded after import = 315

========================================================================
Received Import Request.
  Time since last request: 0.000020 seconds.
  path: Assets/OpenYandere/Models/Characters/Aoi/Mecanim/Animations/f02@f02_sit_04_u.fbx
  artifactKey: Guid(fdace97876616a94d92cd21f43bce786) Importer(815301076,1909f56bfc062723c751e8b465ee728b)
Start importing Assets/OpenYandere/Models/Characters/Aoi/Mecanim/Animations/f02@f02_sit_04_u.fbx using Guid(fdace97876616a94d92cd21f43bce786) Importer(815301076,1909f56bfc062723c751e8b465ee728b) (PreviewImporter) -> (artifact id: '8f9727031da27eb40e83079ac6909b2b') in 0.0053544 seconds
Number of updated asset objects reloaded before import = 0Number of asset objects unloaded after import = 315

========================================================================
Received Import Request.
  Time since last request: 1.298914 seconds.
  path: Assets/OpenYandere/Models/Characters/Aoi/_Textures/f02_apron_00_h.png
  artifactKey: Guid(a8844e3e671a3af4db7d70c6c908843a) Importer(815301076,1909f56bfc062723c751e8b465ee728b)
Start importing Assets/OpenYandere/Models/Characters/Aoi/_Textures/f02_apron_00_h.png using Guid(a8844e3e671a3af4db7d70c6c908843a) Importer(815301076,1909f56bfc062723c751e8b465ee728b) (PreviewImporter) -> (artifact id: '346f1fc2e995195662808d5d50d1ea10') in 0.0197629 seconds
Number of updated asset objects reloaded before import = 0Number of asset objects unloaded after import = 2

========================================================================
Received Import Request.
  Time since last request: 0.000052 seconds.
  path: Assets/OpenYandere/Models/Characters/Aoi/_Textures/f02_blazer_000_m.png
  artifactKey: Guid(ef99ca39ee226a44a9d389bd419402e2) Importer(815301076,1909f56bfc062723c751e8b465ee728b)
Start importing Assets/OpenYandere/Models/Characters/Aoi/_Textures/f02_blazer_000_m.png using Guid(ef99ca39ee226a44a9d389bd419402e2) Importer(815301076,1909f56bfc062723c751e8b465ee728b) (PreviewImporter) -> (artifact id: '90d907e959e44e0f8a86ba92e7d251a7') in 0.0292429 seconds
Number of updated asset objects reloaded before import = 0Number of asset objects unloaded after import = 2

========================================================================
Received Import Request.
  Time since last request: 0.000030 seconds.
  path: Assets/OpenYandere/Models/Characters/Aoi/_Textures/f02_blazer_200_m.png
  artifactKey: Guid(80c9a9130fcc49447a4eefdbc6531ace) Importer(815301076,1909f56bfc062723c751e8b465ee728b)
Start importing Assets/OpenYandere/Models/Characters/Aoi/_Textures/f02_blazer_200_m.png using Guid(80c9a9130fcc49447a4eefdbc6531ace) Importer(815301076,1909f56bfc062723c751e8b465ee728b) (PreviewImporter) -> (artifact id: 'e7271a3fca72e1ddf950132af24249f8') in 0.0177993 seconds
Number of updated asset objects reloaded before import = 0Number of asset objects unloaded after import = 2

========================================================================
Received Import Request.
  Time since last request: 0.000043 seconds.
  path: Assets/OpenYandere/Models/Characters/Aoi/_Textures/f02_blazer_320_l.png
  artifactKey: Guid(487550726648d224397a9697352ac8bb) Importer(815301076,1909f56bfc062723c751e8b465ee728b)
Start importing Assets/OpenYandere/Models/Characters/Aoi/_Textures/f02_blazer_320_l.png using Guid(487550726648d224397a9697352ac8bb) Importer(815301076,1909f56bfc062723c751e8b465ee728b) (PreviewImporter) -> (artifact id: 'ba19c29ca123b47ecd0667dfa2c7c529') in 0.0235431 seconds
Number of updated asset objects reloaded before import = 0Number of asset objects unloaded after import = 2

========================================================================
Received Import Request.
  Time since last request: 0.000036 seconds.
  path: Assets/OpenYandere/Models/Characters/Aoi/_Textures/f02_casualwear_10_l.png
  artifactKey: Guid(bec547025622af54bb9436bf349c841f) Importer(815301076,1909f56bfc062723c751e8b465ee728b)
Start importing Assets/OpenYandere/Models/Characters/Aoi/_Textures/f02_casualwear_10_l.png using Guid(bec547025622af54bb9436bf349c841f) Importer(815301076,1909f56bfc062723c751e8b465ee728b) (PreviewImporter) -> (artifact id: 'fcef5487ba4d142fd069abc39a3c27cd') in 0.0235156 seconds
Number of updated asset objects reloaded before import = 0Number of asset objects unloaded after import = 2

========================================================================
Received Import Request.
  Time since last request: 0.000140 seconds.
  path: Assets/OpenYandere/Models/Characters/Aoi/_Textures/f02_bathtowel_02_m.png
  artifactKey: Guid(25a788b242c49ff4eb012ae62a877d8f) Importer(815301076,1909f56bfc062723c751e8b465ee728b)
Start importing Assets/OpenYandere/Models/Characters/Aoi/_Textures/f02_bathtowel_02_m.png using Guid(25a788b242c49ff4eb012ae62a877d8f) Importer(815301076,1909f56bfc062723c751e8b465ee728b) (PreviewImporter) -> (artifact id: 'dd9ffefacafa91e5e2cad98b647d786c') in 0.025457 seconds
Number of updated asset objects reloaded before import = 0Number of asset objects unloaded after import = 2

========================================================================
Received Import Request.
  Time since last request: 0.000030 seconds.
  path: Assets/OpenYandere/Models/Characters/Aoi/_Textures/f02_blazer_110_h.png
  artifactKey: Guid(defb431b76e7dde4a99a5d15b7eeae40) Importer(815301076,1909f56bfc062723c751e8b465ee728b)
Start importing Assets/OpenYandere/Models/Characters/Aoi/_Textures/f02_blazer_110_h.png using Guid(defb431b76e7dde4a99a5d15b7eeae40) Importer(815301076,1909f56bfc062723c751e8b465ee728b) (PreviewImporter) -> (artifact id: '604ee91c257c80c2772d370899440762') in 0.021416 seconds
Number of updated asset objects reloaded before import = 0Number of asset objects unloaded after import = 2

========================================================================
Received Import Request.
  Time since last request: 0.000036 seconds.
  path: Assets/OpenYandere/Models/Characters/Aoi/_Textures/f02_bathtowel_02_h.png
  artifactKey: Guid(0d3cabe81b8e1054faa565f6d04cea03) Importer(815301076,1909f56bfc062723c751e8b465ee728b)
Start importing Assets/OpenYandere/Models/Characters/Aoi/_Textures/f02_bathtowel_02_h.png using Guid(0d3cabe81b8e1054faa565f6d04cea03) Importer(815301076,1909f56bfc062723c751e8b465ee728b) (PreviewImporter) -> (artifact id: 'abe8179897ca50273ace841c05d1ad55') in 0.0249113 seconds
Number of updated asset objects reloaded before import = 0Number of asset objects unloaded after import = 2

========================================================================
Received Import Request.
  Time since last request: 0.000045 seconds.
  path: Assets/OpenYandere/Models/Characters/Aoi/_Textures/f02_blazer_120_h.png
  artifactKey: Guid(8d3990c350b072f4f822d7de96448baf) Importer(815301076,1909f56bfc062723c751e8b465ee728b)
Start importing Assets/OpenYandere/Models/Characters/Aoi/_Textures/f02_blazer_120_h.png using Guid(8d3990c350b072f4f822d7de96448baf) Importer(815301076,1909f56bfc062723c751e8b465ee728b) (PreviewImporter) -> (artifact id: 'c91f2cdf7198386b2daf76f77d8e231c') in 0.0229038 seconds
Number of updated asset objects reloaded before import = 0Number of asset objects unloaded after import = 2

========================================================================
Received Import Request.
  Time since last request: 0.000025 seconds.
  path: Assets/OpenYandere/Models/Characters/Aoi/_Textures/f02_blazer_200_l.png
  artifactKey: Guid(6eb4305d274d4de4eb435ba995e13d80) Importer(815301076,1909f56bfc062723c751e8b465ee728b)
Start importing Assets/OpenYandere/Models/Characters/Aoi/_Textures/f02_blazer_200_l.png using Guid(6eb4305d274d4de4eb435ba995e13d80) Importer(815301076,1909f56bfc062723c751e8b465ee728b) (PreviewImporter) -> (artifact id: '3d684cbb100999b74ed3cb77f345fbf6') in 0.0158496 seconds
Number of updated asset objects reloaded before import = 0Number of asset objects unloaded after import = 2

========================================================================
Received Import Request.
  Time since last request: 0.000035 seconds.
  path: Assets/OpenYandere/Models/Characters/Aoi/_Textures/f02_blazer_020_m.png
  artifactKey: Guid(fa3e0468ef006cf43ac0624fabe395b8) Importer(815301076,1909f56bfc062723c751e8b465ee728b)
Start importing Assets/OpenYandere/Models/Characters/Aoi/_Textures/f02_blazer_020_m.png using Guid(fa3e0468ef006cf43ac0624fabe395b8) Importer(815301076,1909f56bfc062723c751e8b465ee728b) (PreviewImporter) -> (artifact id: 'c6c6cd62d961d0afae0dd1c83f41d2d1') in 0.0114817 seconds
Number of updated asset objects reloaded before import = 0Number of asset objects unloaded after import = 2

========================================================================
Received Import Request.
  Time since last request: 4.196957 seconds.
  path: Assets/OpenYandere/Models/Characters/Aoi/_Materials/f02_apron_00_h_c.mat
  artifactKey: Guid(6176e832d07848d409786efbad4bd363) Importer(815301076,1909f56bfc062723c751e8b465ee728b)
Start importing Assets/OpenYandere/Models/Characters/Aoi/_Materials/f02_apron_00_h_c.mat using Guid(6176e832d07848d409786efbad4bd363) Importer(815301076,1909f56bfc062723c751e8b465ee728b) (PreviewImporter) -> (artifact id: '108e8790983c391cb1a4852a2dd792e3') in 0.0145027 seconds
Number of updated asset objects reloaded before import = 0Number of asset objects unloaded after import = 3

========================================================================
Received Import Request.
  Time since last request: 0.000032 seconds.
  path: Assets/OpenYandere/Models/Characters/Aoi/_Materials/f02_bathtowel_00_m_s.mat
  artifactKey: Guid(acd938d79a464ac42a36db3fdc1140bd) Importer(815301076,1909f56bfc062723c751e8b465ee728b)
Start importing Assets/OpenYandere/Models/Characters/Aoi/_Materials/f02_bathtowel_00_m_s.mat using Guid(acd938d79a464ac42a36db3fdc1140bd) Importer(815301076,1909f56bfc062723c751e8b465ee728b) (PreviewImporter) -> (artifact id: '530a9764917783696f65d0f6c9adbaee') in 0.0130273 seconds
Number of updated asset objects reloaded before import = 0Number of asset objects unloaded after import = 3

========================================================================
Received Import Request.
  Time since last request: 0.000027 seconds.
  path: Assets/OpenYandere/Models/Characters/Aoi/_Materials/f02_blazer_100_h_c.mat
  artifactKey: Guid(e0d9789703f66d741bf34a9b9878698d) Importer(815301076,1909f56bfc062723c751e8b465ee728b)
Start importing Assets/OpenYandere/Models/Characters/Aoi/_Materials/f02_blazer_100_h_c.mat using Guid(e0d9789703f66d741bf34a9b9878698d) Importer(815301076,1909f56bfc062723c751e8b465ee728b) (PreviewImporter) -> (artifact id: '9fcc0d056bea679a93de03cc887ac04d') in 0.0143948 seconds
Number of updated asset objects reloaded before import = 0Number of asset objects unloaded after import = 3

========================================================================
Received Import Request.
  Time since last request: 0.000021 seconds.
  path: Assets/OpenYandere/Models/Characters/Aoi/_Materials/f02_blazer_000_l_s.mat
  artifactKey: Guid(f9b9c2011f4b0844f8377041f13d8e7a) Importer(815301076,1909f56bfc062723c751e8b465ee728b)
Start importing Assets/OpenYandere/Models/Characters/Aoi/_Materials/f02_blazer_000_l_s.mat using Guid(f9b9c2011f4b0844f8377041f13d8e7a) Importer(815301076,1909f56bfc062723c751e8b465ee728b) (PreviewImporter) -> (artifact id: '5637041d839b20928ba3aa7756f55a83') in 0.0137521 seconds
Number of updated asset objects reloaded before import = 0Number of asset objects unloaded after import = 3

========================================================================
Received Import Request.
  Time since last request: 0.000021 seconds.
  path: Assets/OpenYandere/Models/Characters/Aoi/_Materials/f02_blazer_010_l_s.mat
  artifactKey: Guid(197b833ff0b4a6849b7616705fef45a1) Importer(815301076,1909f56bfc062723c751e8b465ee728b)
Start importing Assets/OpenYandere/Models/Characters/Aoi/_Materials/f02_blazer_010_l_s.mat using Guid(197b833ff0b4a6849b7616705fef45a1) Importer(815301076,1909f56bfc062723c751e8b465ee728b) (PreviewImporter) -> (artifact id: '35d7d459ea920e79a1ef3f8b625624fc') in 0.0142295 seconds
Number of updated asset objects reloaded before import = 0Number of asset objects unloaded after import = 3

========================================================================
Received Import Request.
  Time since last request: 0.000038 seconds.
  path: Assets/OpenYandere/Models/Characters/Aoi/_Materials/f02_blazer_100_m_c.mat
  artifactKey: Guid(00f78b1a56a4b3840adfb71c9acd73c4) Importer(815301076,1909f56bfc062723c751e8b465ee728b)
Start importing Assets/OpenYandere/Models/Characters/Aoi/_Materials/f02_blazer_100_m_c.mat using Guid(00f78b1a56a4b3840adfb71c9acd73c4) Importer(815301076,1909f56bfc062723c751e8b465ee728b) (PreviewImporter) -> (artifact id: 'b831ab745bc7ffa625fae907751a9807') in 0.0138762 seconds
Number of updated asset objects reloaded before import = 0Number of asset objects unloaded after import = 3

========================================================================
Received Import Request.
  Time since last request: 0.000029 seconds.
  path: Assets/OpenYandere/Models/Characters/Aoi/_Materials/f02_bathtowel_01_l_s.mat
  artifactKey: Guid(2bdf0b51019350940b1dda9d31d9b187) Importer(815301076,1909f56bfc062723c751e8b465ee728b)
Start importing Assets/OpenYandere/Models/Characters/Aoi/_Materials/f02_bathtowel_01_l_s.mat using Guid(2bdf0b51019350940b1dda9d31d9b187) Importer(815301076,1909f56bfc062723c751e8b465ee728b) (PreviewImporter) -> (artifact id: '795be1d03392a9fdc7299e9c3325d9ac') in 0.0126451 seconds
Number of updated asset objects reloaded before import = 0Number of asset objects unloaded after import = 3

========================================================================
Received Import Request.
  Time since last request: 0.000021 seconds.
  path: Assets/OpenYandere/Models/Characters/Aoi/_Materials/f02_bathtowel_00_l_s.mat
  artifactKey: Guid(b96b208a8cf6bd24ba81deb164a11e21) Importer(815301076,1909f56bfc062723c751e8b465ee728b)
Start importing Assets/OpenYandere/Models/Characters/Aoi/_Materials/f02_bathtowel_00_l_s.mat using Guid(b96b208a8cf6bd24ba81deb164a11e21) Importer(815301076,1909f56bfc062723c751e8b465ee728b) (PreviewImporter) -> (artifact id: '2a96c0059b51494df1c9154f9b5d66f9') in 0.0119252 seconds
Number of updated asset objects reloaded before import = 0Number of asset objects unloaded after import = 3

========================================================================
Received Import Request.
  Time since last request: 0.000030 seconds.
  path: Assets/OpenYandere/Models/Characters/Aoi/_Materials/f02_blazer_000_h_s.mat
  artifactKey: Guid(7d8304baff1df9c42b64cdd5334c9620) Importer(815301076,1909f56bfc062723c751e8b465ee728b)
Start importing Assets/OpenYandere/Models/Characters/Aoi/_Materials/f02_blazer_000_h_s.mat using Guid(7d8304baff1df9c42b64cdd5334c9620) Importer(815301076,1909f56bfc062723c751e8b465ee728b) (PreviewImporter) -> (artifact id: 'a0322fdec085ae4622ca2c059a86a2b4') in 0.0142159 seconds
Number of updated asset objects reloaded before import = 0Number of asset objects unloaded after import = 3

========================================================================
Received Import Request.
  Time since last request: 0.000027 seconds.
  path: Assets/OpenYandere/Models/Characters/Aoi/_Materials/f02_blazer_020_l_c.mat
  artifactKey: Guid(6341936b6925fda4fa385fecbf45ef0f) Importer(815301076,1909f56bfc062723c751e8b465ee728b)
Start importing Assets/OpenYandere/Models/Characters/Aoi/_Materials/f02_blazer_020_l_c.mat using Guid(6341936b6925fda4fa385fecbf45ef0f) Importer(815301076,1909f56bfc062723c751e8b465ee728b) (PreviewImporter) -> (artifact id: '69bea9ac1899e3fe21e754b7032cf281') in 0.0177468 seconds
Number of updated asset objects reloaded before import = 0Number of asset objects unloaded after import = 3

========================================================================
Received Import Request.
  Time since last request: 0.000047 seconds.
  path: Assets/OpenYandere/Models/Characters/Aoi/_Materials/f02_blazer_100_l_s.mat
  artifactKey: Guid(b49f079c3e875b5409b722588a2f145a) Importer(815301076,1909f56bfc062723c751e8b465ee728b)
Start importing Assets/OpenYandere/Models/Characters/Aoi/_Materials/f02_blazer_100_l_s.mat using Guid(b49f079c3e875b5409b722588a2f145a) Importer(815301076,1909f56bfc062723c751e8b465ee728b) (PreviewImporter) -> (artifact id: 'f567adbb0fa656f63b45c9e374f6e41d') in 0.0139357 seconds
Number of updated asset objects reloaded before import = 0Number of asset objects unloaded after import = 3

========================================================================
Received Import Request.
  Time since last request: 0.000024 seconds.
  path: Assets/OpenYandere/Models/Characters/Aoi/_Materials/f02_blazer_020_h_s.mat
  artifactKey: Guid(dc119fdb7307d4845ad8d86c0b9a8098) Importer(815301076,1909f56bfc062723c751e8b465ee728b)
Start importing Assets/OpenYandere/Models/Characters/Aoi/_Materials/f02_blazer_020_h_s.mat using Guid(dc119fdb7307d4845ad8d86c0b9a8098) Importer(815301076,1909f56bfc062723c751e8b465ee728b) (PreviewImporter) -> (artifact id: '15c240be814fe035c1bbac176665d617') in 0.0120232 seconds
Number of updated asset objects reloaded before import = 0Number of asset objects unloaded after import = 3

========================================================================
Received Import Request.
  Time since last request: 0.464776 seconds.
  path: Assets/OpenYandere/Models/Characters/Aoi/_Materials/f02_blazer_110_m_s.mat
  artifactKey: Guid(3132a95e47c40d0439e271d28d481634) Importer(815301076,1909f56bfc062723c751e8b465ee728b)
Start importing Assets/OpenYandere/Models/Characters/Aoi/_Materials/f02_blazer_110_m_s.mat using Guid(3132a95e47c40d0439e271d28d481634) Importer(815301076,1909f56bfc062723c751e8b465ee728b) (PreviewImporter) -> (artifact id: 'ac26b398be585af3aafbf1e14b16a9eb') in 0.0133196 seconds
Number of updated asset objects reloaded before import = 0Number of asset objects unloaded after import = 3

========================================================================
Received Import Request.
  Time since last request: 0.000027 seconds.
  path: Assets/OpenYandere/Models/Characters/Aoi/_Materials/f02_blazer_120_m_s.mat
  artifactKey: Guid(94054ec5573fa114d9798c6c5ec49a99) Importer(815301076,1909f56bfc062723c751e8b465ee728b)
Start importing Assets/OpenYandere/Models/Characters/Aoi/_Materials/f02_blazer_120_m_s.mat using Guid(94054ec5573fa114d9798c6c5ec49a99) Importer(815301076,1909f56bfc062723c751e8b465ee728b) (PreviewImporter) -> (artifact id: '01e1d1026b0b0d1d1987aa62a4f4f5be') in 0.0132344 seconds
Number of updated asset objects reloaded before import = 0Number of asset objects unloaded after import = 3

========================================================================
Received Import Request.
  Time since last request: 0.000028 seconds.
  path: Assets/OpenYandere/Models/Characters/Aoi/_Materials/f02_blazer_200_l_c.mat
  artifactKey: Guid(4bdb31cba421ad649b92836130bb8587) Importer(815301076,1909f56bfc062723c751e8b465ee728b)
Start importing Assets/OpenYandere/Models/Characters/Aoi/_Materials/f02_blazer_200_l_c.mat using Guid(4bdb31cba421ad649b92836130bb8587) Importer(815301076,1909f56bfc062723c751e8b465ee728b) (PreviewImporter) -> (artifact id: '2db082133341da038819161fb031d840') in 0.0124225 seconds
Number of updated asset objects reloaded before import = 0Number of asset objects unloaded after import = 3

========================================================================
Received Import Request.
  Time since last request: 0.007676 seconds.
  path: Assets/OpenYandere/Models/Characters/Aoi/_Materials/f02_blazer_210_h_c.mat
  artifactKey: Guid(9439cdf0575524f469bbc0b1e17435c8) Importer(815301076,1909f56bfc062723c751e8b465ee728b)
Start importing Assets/OpenYandere/Models/Characters/Aoi/_Materials/f02_blazer_210_h_c.mat using Guid(9439cdf0575524f469bbc0b1e17435c8) Importer(815301076,1909f56bfc062723c751e8b465ee728b) (PreviewImporter) -> (artifact id: '4352fbc8e03b04b66ab2f0d2a8ba2e66') in 0.0254224 seconds
Number of updated asset objects reloaded before import = 0Number of asset objects unloaded after import = 3

========================================================================
Received Import Request.
  Time since last request: 0.000025 seconds.
  path: Assets/OpenYandere/Models/Characters/Aoi/_Materials/f02_blazer_300_h_c.mat
  artifactKey: Guid(117064c87f1aa0b47854f596f08192fa) Importer(815301076,1909f56bfc062723c751e8b465ee728b)
Start importing Assets/OpenYandere/Models/Characters/Aoi/_Materials/f02_blazer_300_h_c.mat using Guid(117064c87f1aa0b47854f596f08192fa) Importer(815301076,1909f56bfc062723c751e8b465ee728b) (PreviewImporter) -> (artifact id: '6c8de1d76bc60c898fb7b40f82f8962a') in 0.0132505 seconds
Number of updated asset objects reloaded before import = 0Number of asset objects unloaded after import = 3

========================================================================
Received Import Request.
  Time since last request: 0.000029 seconds.
  path: Assets/OpenYandere/Models/Characters/Aoi/_Materials/f02_blazer_310_m_c.mat
  artifactKey: Guid(23ae7e51681bcb84483a8beeed91db4f) Importer(815301076,1909f56bfc062723c751e8b465ee728b)
Start importing Assets/OpenYandere/Models/Characters/Aoi/_Materials/f02_blazer_310_m_c.mat using Guid(23ae7e51681bcb84483a8beeed91db4f) Importer(815301076,1909f56bfc062723c751e8b465ee728b) (PreviewImporter) -> (artifact id: '7217572f8fb087c120e5f53c712bc374') in 0.0141987 seconds
Number of updated asset objects reloaded before import = 0Number of asset objects unloaded after import = 3

========================================================================
Received Import Request.
  Time since last request: 0.000035 seconds.
  path: Assets/OpenYandere/Models/Characters/Aoi/_Materials/f02_blazer_220_m_s.mat
  artifactKey: Guid(86f163f82e4b5a649a283f6ad8bc9a69) Importer(815301076,1909f56bfc062723c751e8b465ee728b)
Start importing Assets/OpenYandere/Models/Characters/Aoi/_Materials/f02_blazer_220_m_s.mat using Guid(86f163f82e4b5a649a283f6ad8bc9a69) Importer(815301076,1909f56bfc062723c751e8b465ee728b) (PreviewImporter) -> (artifact id: '972f4ee5947083cbe52fd085fa54a69b') in 0.0140501 seconds
Number of updated asset objects reloaded before import = 0Number of asset objects unloaded after import = 3

========================================================================
Received Import Request.
  Time since last request: 0.000023 seconds.
  path: Assets/OpenYandere/Models/Characters/Aoi/_Materials/f02_blazer_220_l_c.mat
  artifactKey: Guid(c74c1a947efa99641a31367ca8f45ac4) Importer(815301076,1909f56bfc062723c751e8b465ee728b)
Start importing Assets/OpenYandere/Models/Characters/Aoi/_Materials/f02_blazer_220_l_c.mat using Guid(c74c1a947efa99641a31367ca8f45ac4) Importer(815301076,1909f56bfc062723c751e8b465ee728b) (PreviewImporter) -> (artifact id: '66548dfdf7ee6335e9662c3239cfe422') in 0.0142903 seconds
Number of updated asset objects reloaded before import = 0Number of asset objects unloaded after import = 3

========================================================================
Received Import Request.
  Time since last request: 0.000037 seconds.
  path: Assets/OpenYandere/Models/Characters/Aoi/_Materials/f02_blazer_300_l_s.mat
  artifactKey: Guid(bf1905a87ca9dac448f9accdc318a002) Importer(815301076,1909f56bfc062723c751e8b465ee728b)
Start importing Assets/OpenYandere/Models/Characters/Aoi/_Materials/f02_blazer_300_l_s.mat using Guid(bf1905a87ca9dac448f9accdc318a002) Importer(815301076,1909f56bfc062723c751e8b465ee728b) (PreviewImporter) -> (artifact id: '63ecc0862a4eeb4d24c0b0afee22044b') in 0.0118366 seconds
Number of updated asset objects reloaded before import = 0Number of asset objects unloaded after import = 3

========================================================================
Received Import Request.
  Time since last request: 0.089888 seconds.
  path: Assets/OpenYandere/Models/Characters/Aoi/_Materials/f02_blazer_320_l_c.mat
  artifactKey: Guid(ee9f1672f59728e48a26f4dc9ea0e1de) Importer(815301076,1909f56bfc062723c751e8b465ee728b)
Start importing Assets/OpenYandere/Models/Characters/Aoi/_Materials/f02_blazer_320_l_c.mat using Guid(ee9f1672f59728e48a26f4dc9ea0e1de) Importer(815301076,1909f56bfc062723c751e8b465ee728b) (PreviewImporter) -> (artifact id: '6c39791310db51897e999f3f4374b0e3') in 0.0132451 seconds
Number of updated asset objects reloaded before import = 0Number of asset objects unloaded after import = 3

========================================================================
Received Import Request.
  Time since last request: 0.000031 seconds.
  path: Assets/OpenYandere/Models/Characters/Aoi/_Materials/f02_casualwear_00_l_s.mat
  artifactKey: Guid(c82e451b055b5394ba6aca2049335ec1) Importer(815301076,1909f56bfc062723c751e8b465ee728b)
Start importing Assets/OpenYandere/Models/Characters/Aoi/_Materials/f02_casualwear_00_l_s.mat using Guid(c82e451b055b5394ba6aca2049335ec1) Importer(815301076,1909f56bfc062723c751e8b465ee728b) (PreviewImporter) -> (artifact id: 'd6dddff225d1bbb41eb49660a39cb215') in 0.0322053 seconds
Number of updated asset objects reloaded before import = 0Number of asset objects unloaded after import = 3

========================================================================
Received Import Request.
  Time since last request: 0.000056 seconds.
  path: Assets/OpenYandere/Models/Characters/Aoi/_Materials/f02_casualwear_00_h_s.mat
  artifactKey: Guid(965c122228448af40b30adc3a093dbe7) Importer(815301076,1909f56bfc062723c751e8b465ee728b)
Start importing Assets/OpenYandere/Models/Characters/Aoi/_Materials/f02_casualwear_00_h_s.mat using Guid(965c122228448af40b30adc3a093dbe7) Importer(815301076,1909f56bfc062723c751e8b465ee728b) (PreviewImporter) -> (artifact id: '417cd98daf9d25b0c3c033f305c901ce') in 0.012524 seconds
Number of updated asset objects reloaded before import = 0Number of asset objects unloaded after import = 3

========================================================================
Received Import Request.
  Time since last request: 0.000046 seconds.
  path: Assets/OpenYandere/Models/Characters/Aoi/_Materials/f02_casualwear_10_m_c.mat
  artifactKey: Guid(6a205d581c925f147873f4a31aefc897) Importer(815301076,1909f56bfc062723c751e8b465ee728b)
Start importing Assets/OpenYandere/Models/Characters/Aoi/_Materials/f02_casualwear_10_m_c.mat using Guid(6a205d581c925f147873f4a31aefc897) Importer(815301076,1909f56bfc062723c751e8b465ee728b) (PreviewImporter) -> (artifact id: '5e23d9154edfcc51c7ff0b52e4db99bf') in 0.0283111 seconds
Number of updated asset objects reloaded before import = 0Number of asset objects unloaded after import = 3

========================================================================
Received Import Request.
  Time since last request: 0.000024 seconds.
  path: Assets/OpenYandere/Models/Characters/Aoi/_Materials/f02_leotard_00_h_c.mat
  artifactKey: Guid(9bcc506712315fa46ac85c524f5a6dfd) Importer(815301076,1909f56bfc062723c751e8b465ee728b)
Start importing Assets/OpenYandere/Models/Characters/Aoi/_Materials/f02_leotard_00_h_c.mat using Guid(9bcc506712315fa46ac85c524f5a6dfd) Importer(815301076,1909f56bfc062723c751e8b465ee728b) (PreviewImporter) -> (artifact id: 'a18d9f0eb5167219195f569653ef3a19') in 0.0132388 seconds
Number of updated asset objects reloaded before import = 0Number of asset objects unloaded after import = 3

========================================================================
Received Import Request.
  Time since last request: 0.000023 seconds.
  path: Assets/OpenYandere/Models/Characters/Aoi/_Materials/f02_hair_00_m.mat
  artifactKey: Guid(a1a04a31b66fb074c96b7f56199d61bc) Importer(815301076,1909f56bfc062723c751e8b465ee728b)
Start importing Assets/OpenYandere/Models/Characters/Aoi/_Materials/f02_hair_00_m.mat using Guid(a1a04a31b66fb074c96b7f56199d61bc) Importer(815301076,1909f56bfc062723c751e8b465ee728b) (PreviewImporter) -> (artifact id: '9fc15854ca1e0eb073c9a064e8ca9d1b') in 0.0144165 seconds
Number of updated asset objects reloaded before import = 0Number of asset objects unloaded after import = 3

========================================================================
Received Import Request.
  Time since last request: 0.000023 seconds.
  path: Assets/OpenYandere/Models/Characters/Aoi/_Materials/f02_casualwear_10_h_s.mat
  artifactKey: Guid(39324bc950221ba4bb749251bb0b4367) Importer(815301076,1909f56bfc062723c751e8b465ee728b)
Start importing Assets/OpenYandere/Models/Characters/Aoi/_Materials/f02_casualwear_10_h_s.mat using Guid(39324bc950221ba4bb749251bb0b4367) Importer(815301076,1909f56bfc062723c751e8b465ee728b) (PreviewImporter) -> (artifact id: '48e0978816f9e399430bd4b10e6a81d5') in 0.0143247 seconds
Number of updated asset objects reloaded before import = 0Number of asset objects unloaded after import = 3

========================================================================
Received Import Request.
  Time since last request: 0.086378 seconds.
  path: Assets/OpenYandere/Models/Characters/Aoi/_Materials/f02_leotard_01_m_s.mat
  artifactKey: Guid(b7cff5ca2d92ca44881b32326fd78223) Importer(815301076,1909f56bfc062723c751e8b465ee728b)
Start importing Assets/OpenYandere/Models/Characters/Aoi/_Materials/f02_leotard_01_m_s.mat using Guid(b7cff5ca2d92ca44881b32326fd78223) Importer(815301076,1909f56bfc062723c751e8b465ee728b) (PreviewImporter) -> (artifact id: 'c6c2d0ae9eb6ff0059bd96c308a171f9') in 0.014264 seconds
Number of updated asset objects reloaded before import = 0Number of asset objects unloaded after import = 3

========================================================================
Received Import Request.
  Time since last request: 0.000033 seconds.
  path: Assets/OpenYandere/Models/Characters/Aoi/_Materials/f02_pajamas_00_h_s.mat
  artifactKey: Guid(f963284434093be43b65d76af7178320) Importer(815301076,1909f56bfc062723c751e8b465ee728b)
Start importing Assets/OpenYandere/Models/Characters/Aoi/_Materials/f02_pajamas_00_h_s.mat using Guid(f963284434093be43b65d76af7178320) Importer(815301076,1909f56bfc062723c751e8b465ee728b) (PreviewImporter) -> (artifact id: '68071987a8e7a0a9ee450021c799ba4e') in 0.0167214 seconds
Number of updated asset objects reloaded before import = 0Number of asset objects unloaded after import = 3

========================================================================
Received Import Request.
  Time since last request: 0.000039 seconds.
  path: Assets/OpenYandere/Models/Characters/Aoi/_Materials/f02_pajamas_00_m_s.mat
  artifactKey: Guid(54dcb8ec06ac186499bc3b6521a191e5) Importer(815301076,1909f56bfc062723c751e8b465ee728b)
Start importing Assets/OpenYandere/Models/Characters/Aoi/_Materials/f02_pajamas_00_m_s.mat using Guid(54dcb8ec06ac186499bc3b6521a191e5) Importer(815301076,1909f56bfc062723c751e8b465ee728b) (PreviewImporter) -> (artifact id: '8dd61bfd086d04743256af30efbcc562') in 0.0298038 seconds
Number of updated asset objects reloaded before import = 0Number of asset objects unloaded after import = 3

========================================================================
Received Import Request.
  Time since last request: 0.000024 seconds.
  path: Assets/OpenYandere/Models/Characters/Aoi/_Materials/f02_schoolwear_010_m_s.mat
  artifactKey: Guid(eb34d0daa1d7de24e9e73c3979dbdb68) Importer(815301076,1909f56bfc062723c751e8b465ee728b)
Start importing Assets/OpenYandere/Models/Characters/Aoi/_Materials/f02_schoolwear_010_m_s.mat using Guid(eb34d0daa1d7de24e9e73c3979dbdb68) Importer(815301076,1909f56bfc062723c751e8b465ee728b) (PreviewImporter) -> (artifact id: '4e111e2c8a6822b357ef00f9c36b5064') in 0.0176831 seconds
Number of updated asset objects reloaded before import = 0Number of asset objects unloaded after import = 3

========================================================================
Received Import Request.
  Time since last request: 0.000044 seconds.
  path: Assets/OpenYandere/Models/Characters/Aoi/_Materials/f02_schoolwear_010_l_c.mat
  artifactKey: Guid(62f49e6d48f44fc4c8d15f846b928ff8) Importer(815301076,1909f56bfc062723c751e8b465ee728b)
Start importing Assets/OpenYandere/Models/Characters/Aoi/_Materials/f02_schoolwear_010_l_c.mat using Guid(62f49e6d48f44fc4c8d15f846b928ff8) Importer(815301076,1909f56bfc062723c751e8b465ee728b) (PreviewImporter) -> (artifact id: '469aae26858dc3dfc416bfdbd29ea4d2') in 0.0141335 seconds
Number of updated asset objects reloaded before import = 0Number of asset objects unloaded after import = 3

========================================================================
Received Import Request.
  Time since last request: 0.000046 seconds.
  path: Assets/OpenYandere/Models/Characters/Aoi/_Materials/f02_schoolwear_200_l_c.mat
  artifactKey: Guid(9e0284f95b4b2864a9cbcacf6f7fc975) Importer(815301076,1909f56bfc062723c751e8b465ee728b)
Start importing Assets/OpenYandere/Models/Characters/Aoi/_Materials/f02_schoolwear_200_l_c.mat using Guid(9e0284f95b4b2864a9cbcacf6f7fc975) Importer(815301076,1909f56bfc062723c751e8b465ee728b) (PreviewImporter) -> (artifact id: '646df45a5389a349a1ca9fa7b6180f03') in 0.0187537 seconds
Number of updated asset objects reloaded before import = 0Number of asset objects unloaded after import = 3

========================================================================
Received Import Request.
  Time since last request: 0.000034 seconds.
  path: Assets/OpenYandere/Models/Characters/Aoi/_Materials/f02_schoolwear_020_m_c.mat
  artifactKey: Guid(86fcfa235da24394b989bd662f9da22b) Importer(815301076,1909f56bfc062723c751e8b465ee728b)
Start importing Assets/OpenYandere/Models/Characters/Aoi/_Materials/f02_schoolwear_020_m_c.mat using Guid(86fcfa235da24394b989bd662f9da22b) Importer(815301076,1909f56bfc062723c751e8b465ee728b) (PreviewImporter) -> (artifact id: 'f9cb41674ab05aacc08425199a29ff8d') in 0.0154595 seconds
Number of updated asset objects reloaded before import = 0Number of asset objects unloaded after import = 3

========================================================================
Received Import Request.
  Time since last request: 0.000029 seconds.
  path: Assets/OpenYandere/Models/Characters/Aoi/_Materials/f02_schoolwear_000_m_s.mat
  artifactKey: Guid(21c04a6a9a0c9864c9592df94ed78391) Importer(815301076,1909f56bfc062723c751e8b465ee728b)
Start importing Assets/OpenYandere/Models/Characters/Aoi/_Materials/f02_schoolwear_000_m_s.mat using Guid(21c04a6a9a0c9864c9592df94ed78391) Importer(815301076,1909f56bfc062723c751e8b465ee728b) (PreviewImporter) -> (artifact id: '8a84cbe1d8a39cde2c48877679571a47') in 0.0149994 seconds
Number of updated asset objects reloaded before import = 0Number of asset objects unloaded after import = 3

========================================================================
Received Import Request.
  Time since last request: 0.000034 seconds.
  path: Assets/OpenYandere/Models/Characters/Aoi/_Materials/f02_schoolwear_110_h_c.mat
  artifactKey: Guid(ef9b8b6994db47548988d69009fbabac) Importer(815301076,1909f56bfc062723c751e8b465ee728b)
Start importing Assets/OpenYandere/Models/Characters/Aoi/_Materials/f02_schoolwear_110_h_c.mat using Guid(ef9b8b6994db47548988d69009fbabac) Importer(815301076,1909f56bfc062723c751e8b465ee728b) (PreviewImporter) -> (artifact id: 'b6647245515957c67b5aeab66e7bca88') in 0.0157551 seconds
Number of updated asset objects reloaded before import = 0Number of asset objects unloaded after import = 3

========================================================================
Received Import Request.
  Time since last request: 0.000025 seconds.
  path: Assets/OpenYandere/Models/Characters/Aoi/_Materials/f02_schoolwear_110_m_c.mat
  artifactKey: Guid(ba77d06a8d07e6f42bb9ded8909e2da8) Importer(815301076,1909f56bfc062723c751e8b465ee728b)
Start importing Assets/OpenYandere/Models/Characters/Aoi/_Materials/f02_schoolwear_110_m_c.mat using Guid(ba77d06a8d07e6f42bb9ded8909e2da8) Importer(815301076,1909f56bfc062723c751e8b465ee728b) (PreviewImporter) -> (artifact id: '4d37f547e64fea467797a2e63c929fb1') in 0.0128516 seconds
Number of updated asset objects reloaded before import = 0Number of asset objects unloaded after import = 3

========================================================================
Received Import Request.
  Time since last request: 0.000043 seconds.
  path: Assets/OpenYandere/Models/Characters/Aoi/_Materials/f02_schoolwear_120_l_s.mat
  artifactKey: Guid(7ed99a53fa75c61479cc1e5ab1cd6e22) Importer(815301076,1909f56bfc062723c751e8b465ee728b)
Start importing Assets/OpenYandere/Models/Characters/Aoi/_Materials/f02_schoolwear_120_l_s.mat using Guid(7ed99a53fa75c61479cc1e5ab1cd6e22) Importer(815301076,1909f56bfc062723c751e8b465ee728b) (PreviewImporter) -> (artifact id: '7d18fddd06232dfcaf7f373453a4243c') in 0.0114443 seconds
Number of updated asset objects reloaded before import = 0Number of asset objects unloaded after import = 3

========================================================================
Received Import Request.
  Time since last request: 0.059713 seconds.
  path: Assets/OpenYandere/Models/Characters/Aoi/_Materials/f02_schoolwear_210_h_c.mat
  artifactKey: Guid(31bf402c6be18fc4d9640aef427521ef) Importer(815301076,1909f56bfc062723c751e8b465ee728b)
Start importing Assets/OpenYandere/Models/Characters/Aoi/_Materials/f02_schoolwear_210_h_c.mat using Guid(31bf402c6be18fc4d9640aef427521ef) Importer(815301076,1909f56bfc062723c751e8b465ee728b) (PreviewImporter) -> (artifact id: 'f9af3542e007f12b4b0fbdc8bc7fec9d') in 0.0141383 seconds
Number of updated asset objects reloaded before import = 0Number of asset objects unloaded after import = 3

========================================================================
Received Import Request.
  Time since last request: 0.000026 seconds.
  path: Assets/OpenYandere/Models/Characters/Aoi/_Materials/f02_schoolwear_220_m_s.mat
  artifactKey: Guid(1a4fc453a5e77684283d2b820df72764) Importer(815301076,1909f56bfc062723c751e8b465ee728b)
Start importing Assets/OpenYandere/Models/Characters/Aoi/_Materials/f02_schoolwear_220_m_s.mat using Guid(1a4fc453a5e77684283d2b820df72764) Importer(815301076,1909f56bfc062723c751e8b465ee728b) (PreviewImporter) -> (artifact id: 'ceaf21eadce708767732c5bf035b1353') in 0.0145423 seconds
Number of updated asset objects reloaded before import = 0Number of asset objects unloaded after import = 3

========================================================================
Received Import Request.
  Time since last request: 0.000023 seconds.
  path: Assets/OpenYandere/Models/Characters/Aoi/_Materials/f02_schoolwear_300_m_c.mat
  artifactKey: Guid(c44e6eabab0706b4d97fb65fca8bc3f9) Importer(815301076,1909f56bfc062723c751e8b465ee728b)
Start importing Assets/OpenYandere/Models/Characters/Aoi/_Materials/f02_schoolwear_300_m_c.mat using Guid(c44e6eabab0706b4d97fb65fca8bc3f9) Importer(815301076,1909f56bfc062723c751e8b465ee728b) (PreviewImporter) -> (artifact id: '656b9e9e5cd5a1a651e5ef01cf3f1bc5') in 0.014438 seconds
Number of updated asset objects reloaded before import = 0Number of asset objects unloaded after import = 3

========================================================================
Received Import Request.
  Time since last request: 0.000024 seconds.
  path: Assets/OpenYandere/Models/Characters/Aoi/_Materials/f02_swimwear_00_h_c.mat
  artifactKey: Guid(d525d5ad0f398b44bb9bd78f12b9bf41) Importer(815301076,1909f56bfc062723c751e8b465ee728b)
Start importing Assets/OpenYandere/Models/Characters/Aoi/_Materials/f02_swimwear_00_h_c.mat using Guid(d525d5ad0f398b44bb9bd78f12b9bf41) Importer(815301076,1909f56bfc062723c751e8b465ee728b) (PreviewImporter) -> (artifact id: 'ce7b37b321fc1fd0e58f93e2e5eb7030') in 0.0137105 seconds
Number of updated asset objects reloaded before import = 0Number of asset objects unloaded after import = 3

========================================================================
Received Import Request.
  Time since last request: 0.000024 seconds.
  path: Assets/OpenYandere/Models/Characters/Aoi/_Materials/f02_schoolwear_320_m_c.mat
  artifactKey: Guid(0576be2ec0c5f1b40851213eea8684ed) Importer(815301076,1909f56bfc062723c751e8b465ee728b)
Start importing Assets/OpenYandere/Models/Characters/Aoi/_Materials/f02_schoolwear_320_m_c.mat using Guid(0576be2ec0c5f1b40851213eea8684ed) Importer(815301076,1909f56bfc062723c751e8b465ee728b) (PreviewImporter) -> (artifact id: '924721a78b43f06878a331fadf6bbcd4') in 0.0137229 seconds
Number of updated asset objects reloaded before import = 0Number of asset objects unloaded after import = 3

========================================================================
Received Import Request.
  Time since last request: 0.000029 seconds.
  path: Assets/OpenYandere/Models/Characters/Aoi/_Materials/f02_schoolwear_300_m_s.mat
  artifactKey: Guid(1321bc3d39bd5474d815f17ea86c1ee6) Importer(815301076,1909f56bfc062723c751e8b465ee728b)
Start importing Assets/OpenYandere/Models/Characters/Aoi/_Materials/f02_schoolwear_300_m_s.mat using Guid(1321bc3d39bd5474d815f17ea86c1ee6) Importer(815301076,1909f56bfc062723c751e8b465ee728b) (PreviewImporter) -> (artifact id: '219d21b5fd88b193cc17dd437add6942') in 0.0128233 seconds
Number of updated asset objects reloaded before import = 0Number of asset objects unloaded after import = 3

========================================================================
Received Import Request.
  Time since last request: 0.000032 seconds.
  path: Assets/OpenYandere/Models/Characters/Aoi/_Materials/f02_schoolwear_220_l_c.mat
  artifactKey: Guid(7332c8fba512db24b8834261dc6794cb) Importer(815301076,1909f56bfc062723c751e8b465ee728b)
Start importing Assets/OpenYandere/Models/Characters/Aoi/_Materials/f02_schoolwear_220_l_c.mat using Guid(7332c8fba512db24b8834261dc6794cb) Importer(815301076,1909f56bfc062723c751e8b465ee728b) (PreviewImporter) -> (artifact id: 'f1992be272332467854501745ddd5d95') in 0.0138639 seconds
Number of updated asset objects reloaded before import = 0Number of asset objects unloaded after import = 3

========================================================================
Received Import Request.
  Time since last request: 0.000029 seconds.
  path: Assets/OpenYandere/Models/Characters/Aoi/_Materials/f02_schoolwear_320_m_s.mat
  artifactKey: Guid(2da9b81d0e3285c4da58620e4f5dd6ed) Importer(815301076,1909f56bfc062723c751e8b465ee728b)
Start importing Assets/OpenYandere/Models/Characters/Aoi/_Materials/f02_schoolwear_320_m_s.mat using Guid(2da9b81d0e3285c4da58620e4f5dd6ed) Importer(815301076,1909f56bfc062723c751e8b465ee728b) (PreviewImporter) -> (artifact id: 'ebcf635c2349c9139375d9d20c99ea77') in 0.0148789 seconds
Number of updated asset objects reloaded before import = 0Number of asset objects unloaded after import = 3

========================================================================
Received Import Request.
  Time since last request: 0.102179 seconds.
  path: Assets/OpenYandere/Models/Characters/Aoi/_Materials/f02_swimwear_10_l_s.mat
  artifactKey: Guid(6adb732a48e9260459be23730a317ef7) Importer(815301076,1909f56bfc062723c751e8b465ee728b)
Start importing Assets/OpenYandere/Models/Characters/Aoi/_Materials/f02_swimwear_10_l_s.mat using Guid(6adb732a48e9260459be23730a317ef7) Importer(815301076,1909f56bfc062723c751e8b465ee728b) (PreviewImporter) -> (artifact id: 'a70d6e2a0d878ad8d585c94ff6b507c5') in 0.0130281 seconds
Number of updated asset objects reloaded before import = 0Number of asset objects unloaded after import = 3

========================================================================
Received Import Request.
  Time since last request: 0.000026 seconds.
  path: Assets/OpenYandere/Models/Characters/Aoi/_Materials/f02_swimwear_20_l_c.mat
  artifactKey: Guid(cbf1356dcc84bee4e818c9a32f093f9f) Importer(815301076,1909f56bfc062723c751e8b465ee728b)
Start importing Assets/OpenYandere/Models/Characters/Aoi/_Materials/f02_swimwear_20_l_c.mat using Guid(cbf1356dcc84bee4e818c9a32f093f9f) Importer(815301076,1909f56bfc062723c751e8b465ee728b) (PreviewImporter) -> (artifact id: 'f6301ad6a044aaefb572e68947120788') in 0.014646 seconds
Number of updated asset objects reloaded before import = 0Number of asset objects unloaded after import = 3

========================================================================
Received Import Request.
  Time since last request: 0.000029 seconds.
  path: Assets/OpenYandere/Models/Characters/Aoi/_Materials/f02_swimwear_30_h_s.mat
  artifactKey: Guid(ae3fa2276a73cee4794e64fc57385834) Importer(815301076,1909f56bfc062723c751e8b465ee728b)
Start importing Assets/OpenYandere/Models/Characters/Aoi/_Materials/f02_swimwear_30_h_s.mat using Guid(ae3fa2276a73cee4794e64fc57385834) Importer(815301076,1909f56bfc062723c751e8b465ee728b) (PreviewImporter) -> (artifact id: '6a66e983de6540327dc224fd5f8af92e') in 0.0130108 seconds
Number of updated asset objects reloaded before import = 0Number of asset objects unloaded after import = 3

========================================================================
Received Import Request.
  Time since last request: 0.000024 seconds.
  path: Assets/OpenYandere/Models/Characters/Aoi/_Materials/f02_uniform_00_m_c.mat
  artifactKey: Guid(b8b35d1bb331ae749a8c1c3a41805ef0) Importer(815301076,1909f56bfc062723c751e8b465ee728b)
Start importing Assets/OpenYandere/Models/Characters/Aoi/_Materials/f02_uniform_00_m_c.mat using Guid(b8b35d1bb331ae749a8c1c3a41805ef0) Importer(815301076,1909f56bfc062723c751e8b465ee728b) (PreviewImporter) -> (artifact id: '03a0955417e8902e785d7470cb3ac4f9') in 0.0136177 seconds
Number of updated asset objects reloaded before import = 0Number of asset objects unloaded after import = 3

========================================================================
Received Import Request.
  Time since last request: 0.000058 seconds.
  path: Assets/OpenYandere/Models/Characters/Aoi/_Materials/f02_uniform_00_l_c.mat
  artifactKey: Guid(211f2a16e32cc0b4abe3d92841e40563) Importer(815301076,1909f56bfc062723c751e8b465ee728b)
Start importing Assets/OpenYandere/Models/Characters/Aoi/_Materials/f02_uniform_00_l_c.mat using Guid(211f2a16e32cc0b4abe3d92841e40563) Importer(815301076,1909f56bfc062723c751e8b465ee728b) (PreviewImporter) -> (artifact id: 'a6023ceccc5250baf6152c4ae3c7f202') in 0.016499 seconds
Number of updated asset objects reloaded before import = 0Number of asset objects unloaded after import = 3

========================================================================
Received Import Request.
  Time since last request: 2.739319 seconds.
  path: Assets/OpenYandere/Models/Characters/Aoi/Mecanim/Models/f02_schoolwear_020_m.fbx
  artifactKey: Guid(65d68bcde5a848042a6e7b42250e2f8e) Importer(815301076,1909f56bfc062723c751e8b465ee728b)
Start importing Assets/OpenYandere/Models/Characters/Aoi/Mecanim/Models/f02_schoolwear_020_m.fbx using Guid(65d68bcde5a848042a6e7b42250e2f8e) Importer(815301076,1909f56bfc062723c751e8b465ee728b) (PreviewImporter) -> (artifact id: 'aa95dadc00340e6d577bf783bc1ed0e9') in 0.0349261 seconds
Number of updated asset objects reloaded before import = 0Number of asset objects unloaded after import = 327

========================================================================
Received Import Request.
  Time since last request: 0.000027 seconds.
  path: Assets/OpenYandere/Models/Characters/Aoi/Mecanim/Models/f02_schoolwear_110_l.fbx
  artifactKey: Guid(6852e3536913d624188cb76ef465ce19) Importer(815301076,1909f56bfc062723c751e8b465ee728b)
Start importing Assets/OpenYandere/Models/Characters/Aoi/Mecanim/Models/f02_schoolwear_110_l.fbx using Guid(6852e3536913d624188cb76ef465ce19) Importer(815301076,1909f56bfc062723c751e8b465ee728b) (PreviewImporter) -> (artifact id: '3f9d873e4c57ee087af00175bade8aa2') in 0.053479 seconds
Number of updated asset objects reloaded before import = 0Number of asset objects unloaded after import = 327

========================================================================
Received Import Request.
  Time since last request: 0.062908 seconds.
  path: Assets/OpenYandere/Models/Characters/Aoi/Mecanim/Models/f02_naked_00_l.fbx
  artifactKey: Guid(ab1bc368bee76004badf327c7a82900a) Importer(815301076,1909f56bfc062723c751e8b465ee728b)
Start importing Assets/OpenYandere/Models/Characters/Aoi/Mecanim/Models/f02_naked_00_l.fbx using Guid(ab1bc368bee76004badf327c7a82900a) Importer(815301076,1909f56bfc062723c751e8b465ee728b) (PreviewImporter) -> (artifact id: 'f3d8d90c5f2a2ba7755eac9d296eff37') in 0.0739742 seconds
Number of updated asset objects reloaded before import = 0Number of asset objects unloaded after import = 326

========================================================================
Received Import Request.
  Time since last request: 0.000045 seconds.
  path: Assets/OpenYandere/Models/Characters/Aoi/Mecanim/Models/f02_schoolwear_010_m.fbx
  artifactKey: Guid(da5c77abbf7e58343a97d7a929ac114c) Importer(815301076,1909f56bfc062723c751e8b465ee728b)
Start importing Assets/OpenYandere/Models/Characters/Aoi/Mecanim/Models/f02_schoolwear_010_m.fbx using Guid(da5c77abbf7e58343a97d7a929ac114c) Importer(815301076,1909f56bfc062723c751e8b465ee728b) (PreviewImporter) -> (artifact id: '2644bb33b5a2d8ffe5b391060b8c7492') in 0.0859423 seconds
Number of updated asset objects reloaded before import = 0Number of asset objects unloaded after import = 327

========================================================================
Received Import Request.
  Time since last request: 0.000038 seconds.
  path: Assets/OpenYandere/Models/Characters/Aoi/Mecanim/Models/f02_schoolwear_000_l.fbx
  artifactKey: Guid(3c96685c820dc4942aa585a5ce3e41bb) Importer(815301076,1909f56bfc062723c751e8b465ee728b)
Start importing Assets/OpenYandere/Models/Characters/Aoi/Mecanim/Models/f02_schoolwear_000_l.fbx using Guid(3c96685c820dc4942aa585a5ce3e41bb) Importer(815301076,1909f56bfc062723c751e8b465ee728b) (PreviewImporter) -> (artifact id: 'f91ed31751e8e08fb81f1a063087bec8') in 0.029235 seconds
Number of updated asset objects reloaded before import = 0Number of asset objects unloaded after import = 327

========================================================================
Received Import Request.
  Time since last request: 0.086597 seconds.
  path: Assets/OpenYandere/Models/Characters/Aoi/Mecanim/Models/f02_casualwear_10_l.fbx
  artifactKey: Guid(c91e87b46480e4e458dd771bbe6a52e5) Importer(815301076,1909f56bfc062723c751e8b465ee728b)
Start importing Assets/OpenYandere/Models/Characters/Aoi/Mecanim/Models/f02_casualwear_10_l.fbx using Guid(c91e87b46480e4e458dd771bbe6a52e5) Importer(815301076,1909f56bfc062723c751e8b465ee728b) (PreviewImporter) -> (artifact id: '28e8e8f1520b910b9924468724626b60') in 0.0279389 seconds
Number of updated asset objects reloaded before import = 0Number of asset objects unloaded after import = 327

========================================================================
Received Import Request.
  Time since last request: 0.000024 seconds.
  path: Assets/OpenYandere/Models/Characters/Aoi/Mecanim/Models/f02_leotard_01_h.fbx
  artifactKey: Guid(5da0d670484b2ae4ab963cbff1136c9b) Importer(815301076,1909f56bfc062723c751e8b465ee728b)
Start importing Assets/OpenYandere/Models/Characters/Aoi/Mecanim/Models/f02_leotard_01_h.fbx using Guid(5da0d670484b2ae4ab963cbff1136c9b) Importer(815301076,1909f56bfc062723c751e8b465ee728b) (PreviewImporter) -> (artifact id: '9d75b4d6568c28bb43598637e870b307') in 0.0308084 seconds
Number of updated asset objects reloaded before import = 0Number of asset objects unloaded after import = 327

========================================================================
Received Import Request.
  Time since last request: 6.756637 seconds.
  path: Assets/OpenYandere/Models/Characters/Aoi/Mecanim/Models/f02_apron_00_h.fbx
  artifactKey: Guid(0ef2b9d70d6c20a46b373f67cd1e6174) Importer(815301076,1909f56bfc062723c751e8b465ee728b)
Start importing Assets/OpenYandere/Models/Characters/Aoi/Mecanim/Models/f02_apron_00_h.fbx using Guid(0ef2b9d70d6c20a46b373f67cd1e6174) Importer(815301076,1909f56bfc062723c751e8b465ee728b) (PreviewImporter) -> (artifact id: '1409e0073787cdbac4c4325b12dbadb3') in 0.2330696 seconds
Number of updated asset objects reloaded before import = 0Number of asset objects unloaded after import = 327

========================================================================
Received Import Request.
  Time since last request: 0.000027 seconds.
  path: Assets/OpenYandere/Models/Characters/Aoi/Mecanim/Models/f02_blazer_110_m.fbx
  artifactKey: Guid(c550feac19955324cba398f1513a1be0) Importer(815301076,1909f56bfc062723c751e8b465ee728b)
Start importing Assets/OpenYandere/Models/Characters/Aoi/Mecanim/Models/f02_blazer_110_m.fbx using Guid(c550feac19955324cba398f1513a1be0) Importer(815301076,1909f56bfc062723c751e8b465ee728b) (PreviewImporter) -> (artifact id: '0108fbebc1394f9c12d7a8d530eb96a0') in 0.0283837 seconds
Number of updated asset objects reloaded before import = 0Number of asset objects unloaded after import = 327

========================================================================
Received Import Request.
  Time since last request: 0.000041 seconds.
  path: Assets/OpenYandere/Models/Characters/Aoi/Mecanim/Models/f02_blazer_310_h.fbx
  artifactKey: Guid(f651d128fb582e9408ab7aa71507283e) Importer(815301076,1909f56bfc062723c751e8b465ee728b)
Start importing Assets/OpenYandere/Models/Characters/Aoi/Mecanim/Models/f02_blazer_310_h.fbx using Guid(f651d128fb582e9408ab7aa71507283e) Importer(815301076,1909f56bfc062723c751e8b465ee728b) (PreviewImporter) -> (artifact id: 'f8323b0cf9f15f972bc6a431dc47b137') in 0.0356195 seconds
Number of updated asset objects reloaded before import = 0Number of asset objects unloaded after import = 327

========================================================================
Received Import Request.
  Time since last request: 0.000059 seconds.
  path: Assets/OpenYandere/Models/Characters/Aoi/Mecanim/Models/f02_bathtowel_02_h.fbx
  artifactKey: Guid(c2d1979023aef264aa65e5335fbe39ad) Importer(815301076,1909f56bfc062723c751e8b465ee728b)
Start importing Assets/OpenYandere/Models/Characters/Aoi/Mecanim/Models/f02_bathtowel_02_h.fbx using Guid(c2d1979023aef264aa65e5335fbe39ad) Importer(815301076,1909f56bfc062723c751e8b465ee728b) (PreviewImporter) -> (artifact id: 'd7ae3288414501b111dd033d1c68eb28') in 0.0318917 seconds
Number of updated asset objects reloaded before import = 0Number of asset objects unloaded after import = 327

========================================================================
Received Import Request.
  Time since last request: 0.000036 seconds.
  path: Assets/OpenYandere/Models/Characters/Aoi/Mecanim/Models/f02_blazer_220_l.fbx
  artifactKey: Guid(92670553a423df54b95f1cbae1b37199) Importer(815301076,1909f56bfc062723c751e8b465ee728b)
Start importing Assets/OpenYandere/Models/Characters/Aoi/Mecanim/Models/f02_blazer_220_l.fbx using Guid(92670553a423df54b95f1cbae1b37199) Importer(815301076,1909f56bfc062723c751e8b465ee728b) (PreviewImporter) -> (artifact id: 'f7fc0132266f077af75322ccee884805') in 0.0292893 seconds
Number of updated asset objects reloaded before import = 0Number of asset objects unloaded after import = 327

========================================================================
Received Import Request.
  Time since last request: 0.000024 seconds.
  path: Assets/OpenYandere/Models/Characters/Aoi/Mecanim/Models/f02_bathtowel_00_m.fbx
  artifactKey: Guid(077b2231ec8d4bd4180bc2cbb5c66136) Importer(815301076,1909f56bfc062723c751e8b465ee728b)
Start importing Assets/OpenYandere/Models/Characters/Aoi/Mecanim/Models/f02_bathtowel_00_m.fbx using Guid(077b2231ec8d4bd4180bc2cbb5c66136) Importer(815301076,1909f56bfc062723c751e8b465ee728b) (PreviewImporter) -> (artifact id: '3fa73a7a18fd86f6e99d42782a94e441') in 0.0228833 seconds
Number of updated asset objects reloaded before import = 0Number of asset objects unloaded after import = 327

========================================================================
Received Import Request.
  Time since last request: 0.000024 seconds.
  path: Assets/OpenYandere/Models/Characters/Aoi/Mecanim/Models/f02_blazer_320_m.fbx
  artifactKey: Guid(eea00a14061eb184fa99a4c854911c65) Importer(815301076,1909f56bfc062723c751e8b465ee728b)
Start importing Assets/OpenYandere/Models/Characters/Aoi/Mecanim/Models/f02_blazer_320_m.fbx using Guid(eea00a14061eb184fa99a4c854911c65) Importer(815301076,1909f56bfc062723c751e8b465ee728b) (PreviewImporter) -> (artifact id: '91f2e34482a9ecfb7f1a2df24b1d04e9') in 0.025919 seconds
Number of updated asset objects reloaded before import = 0Number of asset objects unloaded after import = 327

========================================================================
Received Import Request.
  Time since last request: 0.000024 seconds.
  path: Assets/OpenYandere/Models/Characters/Aoi/Mecanim/Models/f02_blazer_020_h.fbx
  artifactKey: Guid(722610740df266543b87eb61f067c16d) Importer(815301076,1909f56bfc062723c751e8b465ee728b)
Start importing Assets/OpenYandere/Models/Characters/Aoi/Mecanim/Models/f02_blazer_020_h.fbx using Guid(722610740df266543b87eb61f067c16d) Importer(815301076,1909f56bfc062723c751e8b465ee728b) (PreviewImporter) -> (artifact id: 'f07b90cc70b11901603ba15af6e7a465') in 0.0270006 seconds
Number of updated asset objects reloaded before import = 0Number of asset objects unloaded after import = 327

========================================================================
Received Import Request.
  Time since last request: 0.000039 seconds.
  path: Assets/OpenYandere/Models/Characters/Aoi/Mecanim/Models/f02_blazer_100_h.fbx
  artifactKey: Guid(038c14da8b0d8124686e49da1513983c) Importer(815301076,1909f56bfc062723c751e8b465ee728b)
Start importing Assets/OpenYandere/Models/Characters/Aoi/Mecanim/Models/f02_blazer_100_h.fbx using Guid(038c14da8b0d8124686e49da1513983c) Importer(815301076,1909f56bfc062723c751e8b465ee728b) (PreviewImporter) -> (artifact id: '9e7320cba4a345f6e998f91f0ea9b185') in 0.0282455 seconds
Number of updated asset objects reloaded before import = 0Number of asset objects unloaded after import = 327

========================================================================
Received Import Request.
  Time since last request: 0.000035 seconds.
  path: Assets/OpenYandere/Models/Characters/Aoi/Mecanim/Models/f02_blazer_000_l.fbx
  artifactKey: Guid(adb78251d978af147b2c9246535c503b) Importer(815301076,1909f56bfc062723c751e8b465ee728b)
Start importing Assets/OpenYandere/Models/Characters/Aoi/Mecanim/Models/f02_blazer_000_l.fbx using Guid(adb78251d978af147b2c9246535c503b) Importer(815301076,1909f56bfc062723c751e8b465ee728b) (PreviewImporter) -> (artifact id: '1ea0eda176a5ebc2903a5207470edeb8') in 0.0270782 seconds
Number of updated asset objects reloaded before import = 0Number of asset objects unloaded after import = 327

========================================================================
Received Prepare
Begin MonoManager ReloadAssembly
C:\build\output\Unity-Technologies\mono\mono\metadata\icall.c:1842:
C:\build\output\Unity-Technologies\mono\mono\metadata\icall.c:1842:
C:\build\output\Unity-Technologies\mono\mono\metadata\icall.c:1842:
C:\build\output\Unity-Technologies\mono\mono\metadata\icall.c:1842:
C:\build\output\Unity-Technologies\mono\mono\metadata\icall.c:1842:
C:\build\output\Unity-Technologies\mono\mono\metadata\icall.c:1842:
C:\build\output\Unity-Technologies\mono\mono\metadata\icall.c:1842:
C:\build\output\Unity-Technologies\mono\mono\metadata\icall.c:1842:
C:\build\output\Unity-Technologies\mono\mono\metadata\icall.c:1842:
C:\build\output\Unity-Technologies\mono\mono\metadata\icall.c:1842:
C:\build\output\Unity-Technologies\mono\mono\metadata\icall.c:1842:
C:\build\output\Unity-Technologies\mono\mono\metadata\icall.c:1842:
Symbol file LoadedFromMemory is not a mono symbol file
- Loaded All Assemblies, in  1.035 seconds
Refreshing native plugins compatible for Editor in 4.11 ms, found 2 plugins.
Native extension for WindowsStandalone target not found
URP-HighFidelity-Renderer is missing RendererFeatures
This could be due to missing scripts or compile error.
UnityEngine.Debug:ExtractStackTraceNoAlloc (byte*,int,string)
UnityEngine.StackTraceUtility:ExtractStackTrace ()
UnityEngine.DebugLogHandler:Internal_Log (UnityEngine.LogType,UnityEngine.LogOption,string,UnityEngine.Object)
UnityEngine.DebugLogHandler:LogFormat (UnityEngine.LogType,UnityEngine.Object,string,object[])
UnityEngine.Logger:Log (UnityEngine.LogType,object,UnityEngine.Object)
UnityEngine.Debug:LogError (object,UnityEngine.Object)
UnityEngine.Rendering.Universal.ScriptableRendererData:ValidateRendererFeatures () (at ./Library/PackageCache/com.unity.render-pipelines.universal@17.0.0/Runtime/ScriptableRendererData.cs:257)
UnityEngine.Rendering.Universal.ScriptableRendererData:OnValidate () (at ./Library/PackageCache/com.unity.render-pipelines.universal@17.0.0/Runtime/ScriptableRendererData.cs:145)

(Filename: ./Library/PackageCache/com.unity.render-pipelines.universal@17.0.0/Runtime/ScriptableRendererData.cs Line: 257)

Mono: successfully reloaded assembly
- Finished resetting the current domain, in  0.948 seconds
Domain Reload Profiling: 1986ms
	BeginReloadAssembly (390ms)
		ExecutionOrderSort (0ms)
		DisableScriptedObjects (15ms)
		BackupInstance (0ms)
		ReleaseScriptingObjects (0ms)
		CreateAndSetChildDomain (97ms)
	RebuildCommonClasses (37ms)
	RebuildNativeTypeToScriptingClass (13ms)
	initialDomainReloadingComplete (28ms)
	LoadAllAssembliesAndSetupDomain (569ms)
		LoadAssemblies (609ms)
		RebuildTransferFunctionScriptingTraits (0ms)
		AnalyzeDomain (184ms)
			TypeCache.Refresh (23ms)
				TypeCache.ScanAssembly (7ms)
			BuildScriptInfoCaches (142ms)
			ResolveRequiredComponents (14ms)
	FinalizeReload (949ms)
		ReleaseScriptCaches (0ms)
		RebuildScriptCaches (0ms)
		SetupLoadedEditorAssemblies (670ms)
			LogAssemblyErrors (0ms)
			InitializePlatformSupportModulesInManaged (4ms)
			SetLoadedEditorAssemblies (6ms)
			BeforeProcessingInitializeOnLoad (106ms)
			ProcessInitializeOnLoadAttributes (361ms)
			ProcessInitializeOnLoadMethodAttributes (191ms)
			AfterProcessingInitializeOnLoad (2ms)
			EditorAssembliesLoaded (0ms)
		ExecutionOrderSort2 (0ms)
		AwakeInstancesAfterBackupRestoration (32ms)
Refreshing native plugins compatible for Editor in 6.10 ms, found 2 plugins.
Preloading 0 native plugins for Editor in 0.00 ms.
Unloading 34 Unused Serialized files (Serialized files now loaded: 0)
Unloading 4762 unused Assets / (4.5 MB). Loaded Objects now: 5525.
Memory consumption went from 157.4 MB to 152.9 MB.
Total: 19.467000 ms (FindLiveObjects: 0.958800 ms CreateObjectMapping: 1.219300 ms MarkObjects: 12.352700 ms  DeleteObjects: 4.932700 ms)

Prepare: number of updated asset objects reloaded= 0
Editor requested this worker to shutdown with reason: Scaling down because of idle timeout
AssetImportWorker is now disconnected from the server
Process exiting
Exiting without the bug reporter. Application will terminate with return code 0